{"/home/adam/MFF/bakalarka/rdf-viewer/rdf-viewer.config.ts": {"path":"/home/adam/MFF/bakalarka/rdf-viewer/rdf-viewer.config.ts","statementMap":{"0":{"start":{"line":7,"column":41},"end":{"line":46,"column":null}}},"fnMap":{},"branchMap":{},"s":{"0":2},"f":{},"b":{},"meta":{"lastBranch":0,"lastFunction":0,"lastStatement":1,"seen":{"s:7:41:46:Infinity":0}}}
,"/home/adam/MFF/bakalarka/rdf-viewer/src/core/rdf-viewer-state.ts": {"path":"/home/adam/MFF/bakalarka/rdf-viewer/src/core/rdf-viewer-state.ts","statementMap":{"0":{"start":{"line":43,"column":34},"end":{"line":43,"column":null}},"1":{"start":{"line":45,"column":43},"end":{"line":45,"column":null}},"2":{"start":{"line":46,"column":40},"end":{"line":46,"column":null}},"3":{"start":{"line":47,"column":25},"end":{"line":47,"column":null}},"4":{"start":{"line":49,"column":38},"end":{"line":49,"column":null}},"5":{"start":{"line":51,"column":27},"end":{"line":51,"column":null}},"6":{"start":{"line":53,"column":34},"end":{"line":53,"column":null}},"7":{"start":{"line":54,"column":34},"end":{"line":54,"column":null}},"8":{"start":{"line":63,"column":4},"end":{"line":65,"column":null}},"9":{"start":{"line":64,"column":6},"end":{"line":64,"column":null}},"10":{"start":{"line":66,"column":4},"end":{"line":66,"column":null}},"11":{"start":{"line":74,"column":4},"end":{"line":76,"column":null}},"12":{"start":{"line":75,"column":6},"end":{"line":75,"column":null}},"13":{"start":{"line":77,"column":27},"end":{"line":79,"column":null}},"14":{"start":{"line":78,"column":6},"end":{"line":78,"column":null}},"15":{"start":{"line":80,"column":4},"end":{"line":80,"column":null}},"16":{"start":{"line":81,"column":4},"end":{"line":81,"column":null}},"17":{"start":{"line":82,"column":4},"end":{"line":82,"column":null}},"18":{"start":{"line":83,"column":4},"end":{"line":83,"column":null}},"19":{"start":{"line":95,"column":4},"end":{"line":95,"column":null}},"20":{"start":{"line":96,"column":4},"end":{"line":98,"column":null}},"21":{"start":{"line":97,"column":6},"end":{"line":97,"column":null}},"22":{"start":{"line":106,"column":4},"end":{"line":109,"column":null}},"23":{"start":{"line":107,"column":6},"end":{"line":107,"column":null}},"24":{"start":{"line":107,"column":40},"end":{"line":107,"column":52}},"25":{"start":{"line":108,"column":6},"end":{"line":108,"column":null}},"26":{"start":{"line":110,"column":23},"end":{"line":110,"column":null}},"27":{"start":{"line":111,"column":4},"end":{"line":122,"column":null}},"28":{"start":{"line":112,"column":6},"end":{"line":115,"column":null}},"29":{"start":{"line":113,"column":8},"end":{"line":113,"column":null}},"30":{"start":{"line":114,"column":8},"end":{"line":114,"column":null}},"31":{"start":{"line":116,"column":6},"end":{"line":121,"column":null}},"32":{"start":{"line":117,"column":8},"end":{"line":120,"column":null}},"33":{"start":{"line":118,"column":10},"end":{"line":118,"column":null}},"34":{"start":{"line":119,"column":10},"end":{"line":119,"column":null}},"35":{"start":{"line":132,"column":4},"end":{"line":132,"column":null}},"36":{"start":{"line":140,"column":19},"end":{"line":140,"column":null}},"37":{"start":{"line":141,"column":4},"end":{"line":141,"column":null}},"38":{"start":{"line":142,"column":4},"end":{"line":142,"column":null}},"39":{"start":{"line":150,"column":29},"end":{"line":150,"column":null}},"40":{"start":{"line":151,"column":28},"end":{"line":151,"column":null}},"41":{"start":{"line":152,"column":39},"end":{"line":153,"column":null}},"42":{"start":{"line":155,"column":40},"end":{"line":155,"column":null}},"43":{"start":{"line":156,"column":4},"end":{"line":156,"column":null}},"44":{"start":{"line":156,"column":35},"end":{"line":156,"column":72}},"45":{"start":{"line":158,"column":41},"end":{"line":165,"column":null}},"46":{"start":{"line":160,"column":8},"end":{"line":163,"column":null}},"47":{"start":{"line":167,"column":4},"end":{"line":167,"column":null}},"48":{"start":{"line":168,"column":4},"end":{"line":170,"column":null}},"49":{"start":{"line":169,"column":22},"end":{"line":169,"column":51}},"50":{"start":{"line":170,"column":35},"end":{"line":170,"column":56}},"51":{"start":{"line":172,"column":4},"end":{"line":172,"column":null}},"52":{"start":{"line":174,"column":4},"end":{"line":174,"column":null}},"53":{"start":{"line":184,"column":4},"end":{"line":187,"column":null}},"54":{"start":{"line":185,"column":31},"end":{"line":185,"column":null}},"55":{"start":{"line":186,"column":6},"end":{"line":186,"column":null}},"56":{"start":{"line":189,"column":33},"end":{"line":191,"column":null}},"57":{"start":{"line":192,"column":31},"end":{"line":192,"column":null}},"58":{"start":{"line":193,"column":29},"end":{"line":193,"column":null}},"59":{"start":{"line":194,"column":4},"end":{"line":194,"column":null}},"60":{"start":{"line":202,"column":18},"end":{"line":202,"column":null}},"61":{"start":{"line":202,"column":53},"end":{"line":202,"column":75}},"62":{"start":{"line":203,"column":4},"end":{"line":203,"column":null}},"63":{"start":{"line":204,"column":4},"end":{"line":204,"column":null}},"64":{"start":{"line":208,"column":4},"end":{"line":208,"column":null}},"65":{"start":{"line":222,"column":10},"end":{"line":225,"column":null}},"66":{"start":{"line":227,"column":6},"end":{"line":240,"column":null}},"67":{"start":{"line":229,"column":10},"end":{"line":238,"column":null}},"68":{"start":{"line":231,"column":31},"end":{"line":231,"column":67}},"69":{"start":{"line":233,"column":14},"end":{"line":236,"column":null}},"70":{"start":{"line":237,"column":14},"end":{"line":237,"column":null}},"71":{"start":{"line":241,"column":4},"end":{"line":244,"column":null}},"72":{"start":{"line":252,"column":21},"end":{"line":252,"column":null}},"73":{"start":{"line":252,"column":54},"end":{"line":252,"column":65}},"74":{"start":{"line":253,"column":4},"end":{"line":257,"column":null}},"75":{"start":{"line":254,"column":19},"end":{"line":254,"column":null}},"76":{"start":{"line":255,"column":19},"end":{"line":255,"column":null}},"77":{"start":{"line":256,"column":6},"end":{"line":256,"column":null}},"78":{"start":{"line":258,"column":4},"end":{"line":258,"column":null}},"79":{"start":{"line":260,"column":4},"end":{"line":260,"column":null}},"80":{"start":{"line":268,"column":18},"end":{"line":268,"column":null}},"81":{"start":{"line":268,"column":53},"end":{"line":268,"column":74}},"82":{"start":{"line":269,"column":4},"end":{"line":269,"column":null}},"83":{"start":{"line":270,"column":4},"end":{"line":270,"column":null}},"84":{"start":{"line":281,"column":4},"end":{"line":281,"column":null}},"85":{"start":{"line":282,"column":4},"end":{"line":282,"column":null}},"86":{"start":{"line":291,"column":4},"end":{"line":293,"column":null}},"87":{"start":{"line":292,"column":14},"end":{"line":292,"column":null}},"88":{"start":{"line":294,"column":4},"end":{"line":294,"column":null}},"89":{"start":{"line":302,"column":4},"end":{"line":302,"column":null}},"90":{"start":{"line":313,"column":23},"end":{"line":313,"column":null}},"91":{"start":{"line":314,"column":10},"end":{"line":314,"column":null}},"92":{"start":{"line":315,"column":4},"end":{"line":320,"column":null}},"93":{"start":{"line":316,"column":6},"end":{"line":316,"column":null}},"94":{"start":{"line":318,"column":6},"end":{"line":318,"column":null}},"95":{"start":{"line":319,"column":6},"end":{"line":319,"column":null}},"96":{"start":{"line":328,"column":4},"end":{"line":328,"column":null}},"97":{"start":{"line":338,"column":4},"end":{"line":338,"column":null}},"98":{"start":{"line":339,"column":4},"end":{"line":339,"column":null}},"99":{"start":{"line":347,"column":4},"end":{"line":347,"column":null}},"100":{"start":{"line":355,"column":4},"end":{"line":355,"column":null}},"101":{"start":{"line":363,"column":4},"end":{"line":363,"column":null}},"102":{"start":{"line":364,"column":4},"end":{"line":364,"column":null}}},"fnMap":{"0":{"name":"(anonymous_0)","decl":{"start":{"line":56,"column":10},"end":{"line":56,"column":24}},"loc":{"start":{"line":56,"column":24},"end":{"line":56,"column":null}},"line":56},"1":{"name":"(anonymous_1)","decl":{"start":{"line":62,"column":9},"end":{"line":62,"column":39}},"loc":{"start":{"line":62,"column":39},"end":{"line":67,"column":null}},"line":62},"2":{"name":"(anonymous_2)","decl":{"start":{"line":73,"column":8},"end":{"line":73,"column":28}},"loc":{"start":{"line":73,"column":28},"end":{"line":84,"column":null}},"line":73},"3":{"name":"(anonymous_3)","decl":{"start":{"line":74,"column":40},"end":{"line":74,"column":41}},"loc":{"start":{"line":75,"column":6},"end":{"line":75,"column":null}},"line":75},"4":{"name":"(anonymous_4)","decl":{"start":{"line":77,"column":61},"end":{"line":77,"column":62}},"loc":{"start":{"line":78,"column":6},"end":{"line":78,"column":null}},"line":78},"5":{"name":"(anonymous_5)","decl":{"start":{"line":90,"column":2},"end":{"line":90,"column":null}},"loc":{"start":{"line":94,"column":4},"end":{"line":99,"column":null}},"line":94},"6":{"name":"(anonymous_6)","decl":{"start":{"line":105,"column":2},"end":{"line":105,"column":9}},"loc":{"start":{"line":105,"column":34},"end":{"line":123,"column":null}},"line":105},"7":{"name":"(anonymous_7)","decl":{"start":{"line":107,"column":33},"end":{"line":107,"column":34}},"loc":{"start":{"line":107,"column":40},"end":{"line":107,"column":52}},"line":107},"8":{"name":"(anonymous_8)","decl":{"start":{"line":111,"column":31},"end":{"line":111,"column":32}},"loc":{"start":{"line":111,"column":38},"end":{"line":122,"column":5}},"line":111},"9":{"name":"(anonymous_9)","decl":{"start":{"line":131,"column":2},"end":{"line":131,"column":43}},"loc":{"start":{"line":131,"column":43},"end":{"line":133,"column":null}},"line":131},"10":{"name":"(anonymous_10)","decl":{"start":{"line":139,"column":10},"end":{"line":139,"column":22}},"loc":{"start":{"line":139,"column":22},"end":{"line":143,"column":null}},"line":139},"11":{"name":"(anonymous_11)","decl":{"start":{"line":149,"column":8},"end":{"line":149,"column":27}},"loc":{"start":{"line":149,"column":41},"end":{"line":175,"column":null}},"line":149},"12":{"name":"(anonymous_12)","decl":{"start":{"line":156,"column":23},"end":{"line":156,"column":24}},"loc":{"start":{"line":156,"column":35},"end":{"line":156,"column":72}},"line":156},"13":{"name":"(anonymous_13)","decl":{"start":{"line":159,"column":21},"end":{"line":159,"column":28}},"loc":{"start":{"line":159,"column":39},"end":{"line":164,"column":7}},"line":159},"14":{"name":"(anonymous_14)","decl":{"start":{"line":169,"column":12},"end":{"line":169,"column":13}},"loc":{"start":{"line":169,"column":22},"end":{"line":169,"column":51}},"line":169},"15":{"name":"(anonymous_15)","decl":{"start":{"line":170,"column":11},"end":{"line":170,"column":12}},"loc":{"start":{"line":170,"column":35},"end":{"line":170,"column":56}},"line":170},"16":{"name":"(anonymous_16)","decl":{"start":{"line":181,"column":8},"end":{"line":181,"column":null}},"loc":{"start":{"line":183,"column":36},"end":{"line":195,"column":null}},"line":183},"17":{"name":"(anonymous_17)","decl":{"start":{"line":201,"column":2},"end":{"line":201,"column":15}},"loc":{"start":{"line":201,"column":33},"end":{"line":205,"column":null}},"line":201},"18":{"name":"(anonymous_18)","decl":{"start":{"line":202,"column":41},"end":{"line":202,"column":42}},"loc":{"start":{"line":202,"column":53},"end":{"line":202,"column":75}},"line":202},"19":{"name":"(anonymous_19)","decl":{"start":{"line":207,"column":2},"end":{"line":207,"column":47}},"loc":{"start":{"line":207,"column":47},"end":{"line":209,"column":null}},"line":207},"20":{"name":"(anonymous_20)","decl":{"start":{"line":218,"column":8},"end":{"line":218,"column":32}},"loc":{"start":{"line":221,"column":5},"end":{"line":245,"column":null}},"line":221},"21":{"name":"(anonymous_21)","decl":{"start":{"line":228,"column":30},"end":{"line":228,"column":31}},"loc":{"start":{"line":229,"column":10},"end":{"line":238,"column":null}},"line":229},"22":{"name":"(anonymous_22)","decl":{"start":{"line":231,"column":18},"end":{"line":231,"column":19}},"loc":{"start":{"line":231,"column":31},"end":{"line":231,"column":67}},"line":231},"23":{"name":"(anonymous_23)","decl":{"start":{"line":232,"column":19},"end":{"line":232,"column":20}},"loc":{"start":{"line":232,"column":28},"end":{"line":238,"column":13}},"line":232},"24":{"name":"(anonymous_24)","decl":{"start":{"line":251,"column":2},"end":{"line":251,"column":21}},"loc":{"start":{"line":251,"column":38},"end":{"line":261,"column":null}},"line":251},"25":{"name":"(anonymous_25)","decl":{"start":{"line":252,"column":39},"end":{"line":252,"column":40}},"loc":{"start":{"line":252,"column":54},"end":{"line":252,"column":65}},"line":252},"26":{"name":"(anonymous_26)","decl":{"start":{"line":253,"column":22},"end":{"line":253,"column":23}},"loc":{"start":{"line":253,"column":32},"end":{"line":257,"column":5}},"line":253},"27":{"name":"(anonymous_27)","decl":{"start":{"line":267,"column":2},"end":{"line":267,"column":20}},"loc":{"start":{"line":267,"column":38},"end":{"line":271,"column":null}},"line":267},"28":{"name":"(anonymous_28)","decl":{"start":{"line":268,"column":41},"end":{"line":268,"column":42}},"loc":{"start":{"line":268,"column":53},"end":{"line":268,"column":74}},"line":268},"29":{"name":"(anonymous_29)","decl":{"start":{"line":280,"column":2},"end":{"line":280,"column":16}},"loc":{"start":{"line":280,"column":58},"end":{"line":283,"column":null}},"line":280},"30":{"name":"(anonymous_30)","decl":{"start":{"line":290,"column":2},"end":{"line":290,"column":19}},"loc":{"start":{"line":290,"column":36},"end":{"line":295,"column":null}},"line":290},"31":{"name":"(anonymous_31)","decl":{"start":{"line":292,"column":6},"end":{"line":292,"column":7}},"loc":{"start":{"line":292,"column":14},"end":{"line":292,"column":null}},"line":292},"32":{"name":"(anonymous_32)","decl":{"start":{"line":301,"column":2},"end":{"line":301,"column":42}},"loc":{"start":{"line":301,"column":42},"end":{"line":303,"column":null}},"line":301},"33":{"name":"(anonymous_33)","decl":{"start":{"line":312,"column":2},"end":{"line":312,"column":15}},"loc":{"start":{"line":312,"column":25},"end":{"line":321,"column":null}},"line":312},"34":{"name":"(anonymous_34)","decl":{"start":{"line":327,"column":2},"end":{"line":327,"column":22}},"loc":{"start":{"line":327,"column":22},"end":{"line":329,"column":null}},"line":327},"35":{"name":"(anonymous_35)","decl":{"start":{"line":337,"column":2},"end":{"line":337,"column":15}},"loc":{"start":{"line":337,"column":38},"end":{"line":340,"column":null}},"line":337},"36":{"name":"(anonymous_36)","decl":{"start":{"line":346,"column":2},"end":{"line":346,"column":38}},"loc":{"start":{"line":346,"column":38},"end":{"line":348,"column":null}},"line":346},"37":{"name":"(anonymous_37)","decl":{"start":{"line":354,"column":2},"end":{"line":354,"column":29}},"loc":{"start":{"line":354,"column":29},"end":{"line":356,"column":null}},"line":354},"38":{"name":"(anonymous_38)","decl":{"start":{"line":362,"column":2},"end":{"line":362,"column":17}},"loc":{"start":{"line":362,"column":37},"end":{"line":365,"column":null}},"line":362}},"branchMap":{"0":{"loc":{"start":{"line":63,"column":4},"end":{"line":65,"column":null}},"type":"if","locations":[{"start":{"line":63,"column":4},"end":{"line":65,"column":null}},{"start":{},"end":{}}],"line":63},"1":{"loc":{"start":{"line":93,"column":4},"end":{"line":93,"column":null}},"type":"default-arg","locations":[{"start":{"line":93,"column":24},"end":{"line":93,"column":null}}],"line":93},"2":{"loc":{"start":{"line":95,"column":36},"end":{"line":95,"column":48}},"type":"binary-expr","locations":[{"start":{"line":95,"column":36},"end":{"line":95,"column":44}},{"start":{"line":95,"column":44},"end":{"line":95,"column":48}}],"line":95},"3":{"loc":{"start":{"line":96,"column":4},"end":{"line":98,"column":null}},"type":"if","locations":[{"start":{"line":96,"column":4},"end":{"line":98,"column":null}},{"start":{},"end":{}}],"line":96},"4":{"loc":{"start":{"line":106,"column":4},"end":{"line":109,"column":null}},"type":"if","locations":[{"start":{"line":106,"column":4},"end":{"line":109,"column":null}},{"start":{},"end":{}}],"line":106},"5":{"loc":{"start":{"line":106,"column":8},"end":{"line":106,"column":42}},"type":"binary-expr","locations":[{"start":{"line":106,"column":8},"end":{"line":106,"column":20}},{"start":{"line":106,"column":20},"end":{"line":106,"column":42}}],"line":106},"6":{"loc":{"start":{"line":112,"column":6},"end":{"line":115,"column":null}},"type":"if","locations":[{"start":{"line":112,"column":6},"end":{"line":115,"column":null}},{"start":{},"end":{}}],"line":112},"7":{"loc":{"start":{"line":117,"column":8},"end":{"line":120,"column":null}},"type":"if","locations":[{"start":{"line":117,"column":8},"end":{"line":120,"column":null}},{"start":{},"end":{}}],"line":117},"8":{"loc":{"start":{"line":184,"column":4},"end":{"line":187,"column":null}},"type":"if","locations":[{"start":{"line":184,"column":4},"end":{"line":187,"column":null}},{"start":{},"end":{}}],"line":184},"9":{"loc":{"start":{"line":189,"column":33},"end":{"line":191,"column":null}},"type":"cond-expr","locations":[{"start":{"line":190,"column":8},"end":{"line":190,"column":null}},{"start":{"line":191,"column":8},"end":{"line":191,"column":null}}],"line":189},"10":{"loc":{"start":{"line":234,"column":65},"end":{"line":234,"column":134}},"type":"binary-expr","locations":[{"start":{"line":234,"column":65},"end":{"line":234,"column":104}},{"start":{"line":234,"column":104},"end":{"line":234,"column":134}}],"line":234},"11":{"loc":{"start":{"line":254,"column":19},"end":{"line":254,"column":null}},"type":"binary-expr","locations":[{"start":{"line":254,"column":19},"end":{"line":254,"column":41}},{"start":{"line":254,"column":41},"end":{"line":254,"column":null}}],"line":254},"12":{"loc":{"start":{"line":255,"column":19},"end":{"line":255,"column":null}},"type":"binary-expr","locations":[{"start":{"line":255,"column":19},"end":{"line":255,"column":41}},{"start":{"line":255,"column":41},"end":{"line":255,"column":null}}],"line":255},"13":{"loc":{"start":{"line":315,"column":4},"end":{"line":320,"column":null}},"type":"if","locations":[{"start":{"line":315,"column":4},"end":{"line":320,"column":null}},{"start":{"line":317,"column":11},"end":{"line":320,"column":null}}],"line":315}},"s":{"0":0,"1":0,"2":0,"3":0,"4":0,"5":0,"6":0,"7":0,"8":0,"9":0,"10":0,"11":0,"12":0,"13":0,"14":0,"15":0,"16":0,"17":0,"18":0,"19":0,"20":0,"21":0,"22":0,"23":0,"24":0,"25":0,"26":0,"27":0,"28":0,"29":0,"30":0,"31":0,"32":0,"33":0,"34":0,"35":0,"36":0,"37":0,"38":0,"39":0,"40":0,"41":0,"42":0,"43":0,"44":0,"45":0,"46":0,"47":0,"48":0,"49":0,"50":0,"51":0,"52":0,"53":0,"54":0,"55":0,"56":0,"57":0,"58":0,"59":0,"60":0,"61":0,"62":0,"63":0,"64":0,"65":0,"66":0,"67":0,"68":0,"69":0,"70":0,"71":0,"72":0,"73":0,"74":0,"75":0,"76":0,"77":0,"78":0,"79":0,"80":0,"81":0,"82":0,"83":0,"84":0,"85":0,"86":0,"87":0,"88":0,"89":0,"90":0,"91":0,"92":0,"93":0,"94":0,"95":0,"96":0,"97":0,"98":0,"99":0,"100":0,"101":0,"102":0},"f":{"0":0,"1":2,"2":0,"3":0,"4":0,"5":0,"6":0,"7":0,"8":0,"9":0,"10":0,"11":0,"12":0,"13":0,"14":0,"15":0,"16":0,"17":0,"18":0,"19":0,"20":0,"21":0,"22":0,"23":0,"24":0,"25":0,"26":0,"27":0,"28":0,"29":0,"30":0,"31":0,"32":0,"33":0,"34":0,"35":0,"36":0,"37":0,"38":0},"b":{"0":[0,0],"1":[0],"2":[0,0],"3":[0,0],"4":[0,0],"5":[0,0],"6":[0,0],"7":[0,0],"8":[0,0],"9":[0,0],"10":[0,0],"11":[0,0],"12":[0,0],"13":[0,0]},"meta":{"lastBranch":14,"lastFunction":39,"lastStatement":103,"seen":{"s:43:34:43:Infinity":0,"s:45:43:45:Infinity":1,"s:46:40:46:Infinity":2,"s:47:25:47:Infinity":3,"s:49:38:49:Infinity":4,"s:51:27:51:Infinity":5,"s:53:34:53:Infinity":6,"s:54:34:54:Infinity":7,"f:56:10:56:24":0,"f:62:9:62:39":1,"b:63:4:65:Infinity:undefined:undefined:undefined:undefined":0,"s:63:4:65:Infinity":8,"s:64:6:64:Infinity":9,"s:66:4:66:Infinity":10,"f:73:8:73:28":2,"s:74:4:76:Infinity":11,"f:74:40:74:41":3,"s:75:6:75:Infinity":12,"s:77:27:79:Infinity":13,"f:77:61:77:62":4,"s:78:6:78:Infinity":14,"s:80:4:80:Infinity":15,"s:81:4:81:Infinity":16,"s:82:4:82:Infinity":17,"s:83:4:83:Infinity":18,"f:90:2:90:Infinity":5,"b:93:24:93:Infinity":1,"s:95:4:95:Infinity":19,"b:95:36:95:44:95:44:95:48":2,"b:96:4:98:Infinity:undefined:undefined:undefined:undefined":3,"s:96:4:98:Infinity":20,"s:97:6:97:Infinity":21,"f:105:2:105:9":6,"b:106:4:109:Infinity:undefined:undefined:undefined:undefined":4,"s:106:4:109:Infinity":22,"b:106:8:106:20:106:20:106:42":5,"s:107:6:107:Infinity":23,"f:107:33:107:34":7,"s:107:40:107:52":24,"s:108:6:108:Infinity":25,"s:110:23:110:Infinity":26,"s:111:4:122:Infinity":27,"f:111:31:111:32":8,"b:112:6:115:Infinity:undefined:undefined:undefined:undefined":6,"s:112:6:115:Infinity":28,"s:113:8:113:Infinity":29,"s:114:8:114:Infinity":30,"s:116:6:121:Infinity":31,"b:117:8:120:Infinity:undefined:undefined:undefined:undefined":7,"s:117:8:120:Infinity":32,"s:118:10:118:Infinity":33,"s:119:10:119:Infinity":34,"f:131:2:131:43":9,"s:132:4:132:Infinity":35,"f:139:10:139:22":10,"s:140:19:140:Infinity":36,"s:141:4:141:Infinity":37,"s:142:4:142:Infinity":38,"f:149:8:149:27":11,"s:150:29:150:Infinity":39,"s:151:28:151:Infinity":40,"s:152:39:153:Infinity":41,"s:155:40:155:Infinity":42,"s:156:4:156:Infinity":43,"f:156:23:156:24":12,"s:156:35:156:72":44,"s:158:41:165:Infinity":45,"f:159:21:159:28":13,"s:160:8:163:Infinity":46,"s:167:4:167:Infinity":47,"s:168:4:170:Infinity":48,"f:169:12:169:13":14,"s:169:22:169:51":49,"f:170:11:170:12":15,"s:170:35:170:56":50,"s:172:4:172:Infinity":51,"s:174:4:174:Infinity":52,"f:181:8:181:Infinity":16,"b:184:4:187:Infinity:undefined:undefined:undefined:undefined":8,"s:184:4:187:Infinity":53,"s:185:31:185:Infinity":54,"s:186:6:186:Infinity":55,"s:189:33:191:Infinity":56,"b:190:8:190:Infinity:191:8:191:Infinity":9,"s:192:31:192:Infinity":57,"s:193:29:193:Infinity":58,"s:194:4:194:Infinity":59,"f:201:2:201:15":17,"s:202:18:202:Infinity":60,"f:202:41:202:42":18,"s:202:53:202:75":61,"s:203:4:203:Infinity":62,"s:204:4:204:Infinity":63,"f:207:2:207:47":19,"s:208:4:208:Infinity":64,"f:218:8:218:32":20,"s:222:10:225:Infinity":65,"s:227:6:240:Infinity":66,"f:228:30:228:31":21,"s:229:10:238:Infinity":67,"f:231:18:231:19":22,"s:231:31:231:67":68,"f:232:19:232:20":23,"s:233:14:236:Infinity":69,"b:234:65:234:104:234:104:234:134":10,"s:237:14:237:Infinity":70,"s:241:4:244:Infinity":71,"f:251:2:251:21":24,"s:252:21:252:Infinity":72,"f:252:39:252:40":25,"s:252:54:252:65":73,"s:253:4:257:Infinity":74,"f:253:22:253:23":26,"s:254:19:254:Infinity":75,"b:254:19:254:41:254:41:254:Infinity":11,"s:255:19:255:Infinity":76,"b:255:19:255:41:255:41:255:Infinity":12,"s:256:6:256:Infinity":77,"s:258:4:258:Infinity":78,"s:260:4:260:Infinity":79,"f:267:2:267:20":27,"s:268:18:268:Infinity":80,"f:268:41:268:42":28,"s:268:53:268:74":81,"s:269:4:269:Infinity":82,"s:270:4:270:Infinity":83,"f:280:2:280:16":29,"s:281:4:281:Infinity":84,"s:282:4:282:Infinity":85,"f:290:2:290:19":30,"s:291:4:293:Infinity":86,"f:292:6:292:7":31,"s:292:14:292:Infinity":87,"s:294:4:294:Infinity":88,"f:301:2:301:42":32,"s:302:4:302:Infinity":89,"f:312:2:312:15":33,"s:313:23:313:Infinity":90,"s:314:10:314:Infinity":91,"b:315:4:320:Infinity:317:11:320:Infinity":13,"s:315:4:320:Infinity":92,"s:316:6:316:Infinity":93,"s:318:6:318:Infinity":94,"s:319:6:319:Infinity":95,"f:327:2:327:22":34,"s:328:4:328:Infinity":96,"f:337:2:337:15":35,"s:338:4:338:Infinity":97,"s:339:4:339:Infinity":98,"f:346:2:346:38":36,"s:347:4:347:Infinity":99,"f:354:2:354:29":37,"s:355:4:355:Infinity":100,"f:362:2:362:17":38,"s:363:4:363:Infinity":101,"s:364:4:364:Infinity":102}}}
,"/home/adam/MFF/bakalarka/rdf-viewer/src/core/render-entity-with-plugin.ts": {"path":"/home/adam/MFF/bakalarka/rdf-viewer/src/core/render-entity-with-plugin.ts","statementMap":{"0":{"start":{"line":28,"column":14},"end":{"line":28,"column":null}},"1":{"start":{"line":30,"column":8},"end":{"line":33,"column":null}},"2":{"start":{"line":35,"column":28},"end":{"line":35,"column":null}},"3":{"start":{"line":36,"column":25},"end":{"line":36,"column":null}},"4":{"start":{"line":38,"column":2},"end":{"line":38,"column":null}},"5":{"start":{"line":39,"column":25},"end":{"line":42,"column":null}},"6":{"start":{"line":43,"column":2},"end":{"line":45,"column":null}},"7":{"start":{"line":44,"column":4},"end":{"line":44,"column":null}},"8":{"start":{"line":46,"column":2},"end":{"line":46,"column":null}},"9":{"start":{"line":47,"column":2},"end":{"line":49,"column":null}},"10":{"start":{"line":48,"column":4},"end":{"line":48,"column":null}},"11":{"start":{"line":49,"column":7},"end":{"line":49,"column":null}},"12":{"start":{"line":51,"column":2},"end":{"line":51,"column":null}},"13":{"start":{"line":52,"column":2},"end":{"line":52,"column":null}},"14":{"start":{"line":54,"column":2},"end":{"line":56,"column":null}},"15":{"start":{"line":55,"column":4},"end":{"line":55,"column":null}},"16":{"start":{"line":57,"column":2},"end":{"line":62,"column":null}}},"fnMap":{"0":{"name":"renderEntityWithPlugin","decl":{"start":{"line":23,"column":15},"end":{"line":23,"column":null}},"loc":{"start":{"line":27,"column":35},"end":{"line":63,"column":null}},"line":27},"1":{"name":"(anonymous_1)","decl":{"start":{"line":54,"column":36},"end":{"line":54,"column":48}},"loc":{"start":{"line":54,"column":48},"end":{"line":56,"column":3}},"line":54}},"branchMap":{"0":{"loc":{"start":{"line":43,"column":2},"end":{"line":45,"column":null}},"type":"if","locations":[{"start":{"line":43,"column":2},"end":{"line":45,"column":null}},{"start":{},"end":{}}],"line":43},"1":{"loc":{"start":{"line":47,"column":2},"end":{"line":49,"column":null}},"type":"if","locations":[{"start":{"line":47,"column":2},"end":{"line":49,"column":null}},{"start":{"line":49,"column":7},"end":{"line":49,"column":null}}],"line":47}},"s":{"0":0,"1":0,"2":0,"3":0,"4":0,"5":0,"6":0,"7":0,"8":0,"9":0,"10":0,"11":0,"12":0,"13":0,"14":0,"15":0,"16":0},"f":{"0":0,"1":0},"b":{"0":[0,0],"1":[0,0]},"meta":{"lastBranch":2,"lastFunction":2,"lastStatement":17,"seen":{"f:23:15:23:Infinity":0,"s:28:14:28:Infinity":0,"s:30:8:33:Infinity":1,"s:35:28:35:Infinity":2,"s:36:25:36:Infinity":3,"s:38:2:38:Infinity":4,"s:39:25:42:Infinity":5,"b:43:2:45:Infinity:undefined:undefined:undefined:undefined":0,"s:43:2:45:Infinity":6,"s:44:4:44:Infinity":7,"s:46:2:46:Infinity":8,"b:47:2:49:Infinity:49:7:49:Infinity":1,"s:47:2:49:Infinity":9,"s:48:4:48:Infinity":10,"s:49:7:49:Infinity":11,"s:51:2:51:Infinity":12,"s:52:2:52:Infinity":13,"s:54:2:56:Infinity":14,"f:54:36:54:48":1,"s:55:4:55:Infinity":15,"s:57:2:62:Infinity":16}}}
,"/home/adam/MFF/bakalarka/rdf-viewer/src/fetch/data-source-factory.ts": {"path":"/home/adam/MFF/bakalarka/rdf-viewer/src/fetch/data-source-factory.ts","statementMap":{"0":{"start":{"line":21,"column":2},"end":{"line":43,"column":null}},"1":{"start":{"line":23,"column":6},"end":{"line":23,"column":null}},"2":{"start":{"line":26,"column":6},"end":{"line":28,"column":null}},"3":{"start":{"line":27,"column":8},"end":{"line":27,"column":null}},"4":{"start":{"line":29,"column":6},"end":{"line":31,"column":null}},"5":{"start":{"line":34,"column":6},"end":{"line":34,"column":null}},"6":{"start":{"line":38,"column":6},"end":{"line":38,"column":null}},"7":{"start":{"line":42,"column":6},"end":{"line":42,"column":null}}},"fnMap":{"0":{"name":"dataSourceFactory","decl":{"start":{"line":17,"column":9},"end":{"line":17,"column":null}},"loc":{"start":{"line":20,"column":14},"end":{"line":44,"column":null}},"line":20}},"branchMap":{"0":{"loc":{"start":{"line":21,"column":2},"end":{"line":43,"column":null}},"type":"switch","locations":[{"start":{"line":22,"column":4},"end":{"line":24,"column":null}},{"start":{"line":25,"column":4},"end":{"line":32,"column":null}},{"start":{"line":33,"column":4},"end":{"line":35,"column":null}},{"start":{"line":37,"column":4},"end":{"line":39,"column":null}},{"start":{"line":41,"column":4},"end":{"line":42,"column":null}}],"line":21},"1":{"loc":{"start":{"line":26,"column":6},"end":{"line":28,"column":null}},"type":"if","locations":[{"start":{"line":26,"column":6},"end":{"line":28,"column":null}},{"start":{},"end":{}}],"line":26}},"s":{"0":0,"1":0,"2":0,"3":0,"4":0,"5":0,"6":0,"7":0},"f":{"0":0},"b":{"0":[0,0,0,0,0],"1":[0,0]},"meta":{"lastBranch":2,"lastFunction":1,"lastStatement":8,"seen":{"f:17:9:17:Infinity":0,"b:22:4:24:Infinity:25:4:32:Infinity:33:4:35:Infinity:37:4:39:Infinity:41:4:42:Infinity":0,"s:21:2:43:Infinity":0,"s:23:6:23:Infinity":1,"b:26:6:28:Infinity:undefined:undefined:undefined:undefined":1,"s:26:6:28:Infinity":2,"s:27:8:27:Infinity":3,"s:29:6:31:Infinity":4,"s:34:6:34:Infinity":5,"s:38:6:38:Infinity":6,"s:42:6:42:Infinity":7}}}
,"/home/adam/MFF/bakalarka/rdf-viewer/src/fetch/data-source-implementations.ts": {"path":"/home/adam/MFF/bakalarka/rdf-viewer/src/fetch/data-source-implementations.ts","statementMap":{"0":{"start":{"line":24,"column":9},"end":{"line":24,"column":null}},"1":{"start":{"line":29,"column":4},"end":{"line":29,"column":null}},"2":{"start":{"line":30,"column":4},"end":{"line":30,"column":null}},"3":{"start":{"line":39,"column":19},"end":{"line":39,"column":null}},"4":{"start":{"line":40,"column":29},"end":{"line":40,"column":null}},"5":{"start":{"line":41,"column":18},"end":{"line":48,"column":null}},"6":{"start":{"line":42,"column":6},"end":{"line":47,"column":null}},"7":{"start":{"line":49,"column":4},"end":{"line":49,"column":null}},"8":{"start":{"line":53,"column":21},"end":{"line":53,"column":null}},"9":{"start":{"line":54,"column":4},"end":{"line":75,"column":null}},"10":{"start":{"line":55,"column":6},"end":{"line":74,"column":null}},"11":{"start":{"line":60,"column":28},"end":{"line":60,"column":43}},"12":{"start":{"line":62,"column":24},"end":{"line":62,"column":null}},"13":{"start":{"line":63,"column":47},"end":{"line":68,"column":null}},"14":{"start":{"line":64,"column":12},"end":{"line":67,"column":null}},"15":{"start":{"line":69,"column":10},"end":{"line":69,"column":null}},"16":{"start":{"line":72,"column":10},"end":{"line":72,"column":null}},"17":{"start":{"line":73,"column":10},"end":{"line":73,"column":null}},"18":{"start":{"line":84,"column":24},"end":{"line":84,"column":null}},"19":{"start":{"line":88,"column":4},"end":{"line":96,"column":null}},"20":{"start":{"line":89,"column":6},"end":{"line":89,"column":null}},"21":{"start":{"line":90,"column":6},"end":{"line":90,"column":null}},"22":{"start":{"line":91,"column":6},"end":{"line":91,"column":null}},"23":{"start":{"line":93,"column":6},"end":{"line":93,"column":null}},"24":{"start":{"line":94,"column":6},"end":{"line":94,"column":null}},"25":{"start":{"line":95,"column":6},"end":{"line":95,"column":null}},"26":{"start":{"line":106,"column":21},"end":{"line":106,"column":null}},"27":{"start":{"line":107,"column":17},"end":{"line":107,"column":null}},"28":{"start":{"line":108,"column":4},"end":{"line":108,"column":null}},"29":{"start":{"line":116,"column":4},"end":{"line":118,"column":null}},"30":{"start":{"line":117,"column":6},"end":{"line":117,"column":null}},"31":{"start":{"line":119,"column":4},"end":{"line":121,"column":null}},"32":{"start":{"line":120,"column":6},"end":{"line":120,"column":null}},"33":{"start":{"line":122,"column":4},"end":{"line":124,"column":null}},"34":{"start":{"line":123,"column":6},"end":{"line":123,"column":null}},"35":{"start":{"line":125,"column":21},"end":{"line":125,"column":null}},"36":{"start":{"line":126,"column":19},"end":{"line":126,"column":null}},"37":{"start":{"line":127,"column":4},"end":{"line":127,"column":null}},"38":{"start":{"line":128,"column":4},"end":{"line":160,"column":null}},"39":{"start":{"line":129,"column":6},"end":{"line":133,"column":null}},"40":{"start":{"line":130,"column":20},"end":{"line":130,"column":null}},"41":{"start":{"line":131,"column":8},"end":{"line":131,"column":null}},"42":{"start":{"line":132,"column":8},"end":{"line":132,"column":null}},"43":{"start":{"line":134,"column":20},"end":{"line":134,"column":null}},"44":{"start":{"line":135,"column":6},"end":{"line":135,"column":null}},"45":{"start":{"line":136,"column":27},"end":{"line":140,"column":null}},"46":{"start":{"line":141,"column":24},"end":{"line":141,"column":null}},"47":{"start":{"line":142,"column":29},"end":{"line":142,"column":null}},"48":{"start":{"line":143,"column":6},"end":{"line":145,"column":null}},"49":{"start":{"line":145,"column":8},"end":{"line":145,"column":null}},"50":{"start":{"line":146,"column":6},"end":{"line":159,"column":null}},"51":{"start":{"line":149,"column":10},"end":{"line":149,"column":null}},"52":{"start":{"line":149,"column":27},"end":{"line":149,"column":null}},"53":{"start":{"line":150,"column":10},"end":{"line":150,"column":null}},"54":{"start":{"line":153,"column":10},"end":{"line":153,"column":null}},"55":{"start":{"line":154,"column":10},"end":{"line":154,"column":null}},"56":{"start":{"line":157,"column":10},"end":{"line":157,"column":null}},"57":{"start":{"line":158,"column":10},"end":{"line":158,"column":null}},"58":{"start":{"line":164,"column":4},"end":{"line":164,"column":null}},"59":{"start":{"line":165,"column":4},"end":{"line":167,"column":null}},"60":{"start":{"line":166,"column":6},"end":{"line":166,"column":null}},"61":{"start":{"line":168,"column":10},"end":{"line":168,"column":null}},"62":{"start":{"line":169,"column":34},"end":{"line":169,"column":null}},"63":{"start":{"line":170,"column":47},"end":{"line":175,"column":null}},"64":{"start":{"line":171,"column":6},"end":{"line":174,"column":null}},"65":{"start":{"line":176,"column":4},"end":{"line":176,"column":null}},"66":{"start":{"line":180,"column":2},"end":{"line":185,"column":null}},"67":{"start":{"line":189,"column":9},"end":{"line":189,"column":null}},"68":{"start":{"line":192,"column":18},"end":{"line":192,"column":null}},"69":{"start":{"line":193,"column":25},"end":{"line":193,"column":null}},"70":{"start":{"line":195,"column":4},"end":{"line":195,"column":null}},"71":{"start":{"line":196,"column":4},"end":{"line":196,"column":null}},"72":{"start":{"line":210,"column":10},"end":{"line":210,"column":null}},"73":{"start":{"line":211,"column":18},"end":{"line":228,"column":null}},"74":{"start":{"line":212,"column":6},"end":{"line":227,"column":null}},"75":{"start":{"line":213,"column":25},"end":{"line":213,"column":null}},"76":{"start":{"line":214,"column":8},"end":{"line":218,"column":null}},"77":{"start":{"line":215,"column":10},"end":{"line":217,"column":null}},"78":{"start":{"line":220,"column":10},"end":{"line":220,"column":null}},"79":{"start":{"line":221,"column":8},"end":{"line":223,"column":null}},"80":{"start":{"line":222,"column":10},"end":{"line":222,"column":null}},"81":{"start":{"line":224,"column":21},"end":{"line":224,"column":null}},"82":{"start":{"line":225,"column":23},"end":{"line":225,"column":null}},"83":{"start":{"line":226,"column":8},"end":{"line":226,"column":null}},"84":{"start":{"line":229,"column":20},"end":{"line":229,"column":null}},"85":{"start":{"line":231,"column":4},"end":{"line":235,"column":null}},"86":{"start":{"line":233,"column":52},"end":{"line":233,"column":null}},"87":{"start":{"line":235,"column":22},"end":{"line":235,"column":29}},"88":{"start":{"line":238,"column":27},"end":{"line":238,"column":null}},"89":{"start":{"line":239,"column":4},"end":{"line":239,"column":null}},"90":{"start":{"line":240,"column":16},"end":{"line":240,"column":null}},"91":{"start":{"line":241,"column":10},"end":{"line":245,"column":null}},"92":{"start":{"line":246,"column":10},"end":{"line":246,"column":null}},"93":{"start":{"line":247,"column":25},"end":{"line":255,"column":null}},"94":{"start":{"line":249,"column":21},"end":{"line":249,"column":50}},"95":{"start":{"line":252,"column":10},"end":{"line":253,"column":null}},"96":{"start":{"line":255,"column":28},"end":{"line":255,"column":40}},"97":{"start":{"line":256,"column":4},"end":{"line":258,"column":null}},"98":{"start":{"line":257,"column":6},"end":{"line":257,"column":null}},"99":{"start":{"line":259,"column":4},"end":{"line":259,"column":null}},"100":{"start":{"line":262,"column":4},"end":{"line":265,"column":null}},"101":{"start":{"line":263,"column":6},"end":{"line":263,"column":null}},"102":{"start":{"line":264,"column":6},"end":{"line":264,"column":null}},"103":{"start":{"line":266,"column":10},"end":{"line":266,"column":null}},"104":{"start":{"line":267,"column":34},"end":{"line":267,"column":null}},"105":{"start":{"line":268,"column":47},"end":{"line":273,"column":null}},"106":{"start":{"line":269,"column":6},"end":{"line":272,"column":null}},"107":{"start":{"line":274,"column":4},"end":{"line":274,"column":null}}},"fnMap":{"0":{"name":"(anonymous_0)","decl":{"start":{"line":28,"column":2},"end":{"line":28,"column":14}},"loc":{"start":{"line":28,"column":35},"end":{"line":31,"column":null}},"line":28},"1":{"name":"(anonymous_1)","decl":{"start":{"line":38,"column":2},"end":{"line":38,"column":24}},"loc":{"start":{"line":38,"column":52},"end":{"line":50,"column":null}},"line":38},"2":{"name":"(anonymous_2)","decl":{"start":{"line":41,"column":39},"end":{"line":41,"column":40}},"loc":{"start":{"line":42,"column":6},"end":{"line":47,"column":null}},"line":42},"3":{"name":"(anonymous_3)","decl":{"start":{"line":52,"column":8},"end":{"line":52,"column":19}},"loc":{"start":{"line":52,"column":64},"end":{"line":76,"column":null}},"line":52},"4":{"name":"(anonymous_4)","decl":{"start":{"line":54,"column":23},"end":{"line":54,"column":24}},"loc":{"start":{"line":54,"column":44},"end":{"line":75,"column":5}},"line":54},"5":{"name":"(anonymous_5)","decl":{"start":{"line":60,"column":14},"end":{"line":60,"column":15}},"loc":{"start":{"line":60,"column":28},"end":{"line":60,"column":43}},"line":60},"6":{"name":"(anonymous_6)","decl":{"start":{"line":61,"column":14},"end":{"line":61,"column":15}},"loc":{"start":{"line":61,"column":32},"end":{"line":70,"column":9}},"line":61},"7":{"name":"(anonymous_7)","decl":{"start":{"line":63,"column":57},"end":{"line":63,"column":58}},"loc":{"start":{"line":63,"column":67},"end":{"line":68,"column":11}},"line":63},"8":{"name":"(anonymous_8)","decl":{"start":{"line":71,"column":15},"end":{"line":71,"column":16}},"loc":{"start":{"line":71,"column":26},"end":{"line":74,"column":9}},"line":71},"9":{"name":"(anonymous_9)","decl":{"start":{"line":87,"column":2},"end":{"line":87,"column":14}},"loc":{"start":{"line":87,"column":37},"end":{"line":97,"column":null}},"line":87},"10":{"name":"(anonymous_10)","decl":{"start":{"line":105,"column":8},"end":{"line":105,"column":18}},"loc":{"start":{"line":105,"column":43},"end":{"line":109,"column":null}},"line":105},"11":{"name":"(anonymous_11)","decl":{"start":{"line":115,"column":8},"end":{"line":115,"column":36}},"loc":{"start":{"line":115,"column":36},"end":{"line":161,"column":null}},"line":115},"12":{"name":"(anonymous_12)","decl":{"start":{"line":128,"column":29},"end":{"line":128,"column":30}},"loc":{"start":{"line":128,"column":50},"end":{"line":160,"column":5}},"line":128},"13":{"name":"(anonymous_13)","decl":{"start":{"line":148,"column":20},"end":{"line":148,"column":21}},"loc":{"start":{"line":148,"column":30},"end":{"line":151,"column":9}},"line":148},"14":{"name":"(anonymous_14)","decl":{"start":{"line":152,"column":21},"end":{"line":152,"column":22}},"loc":{"start":{"line":152,"column":30},"end":{"line":155,"column":9}},"line":152},"15":{"name":"(anonymous_15)","decl":{"start":{"line":156,"column":19},"end":{"line":156,"column":31}},"loc":{"start":{"line":156,"column":31},"end":{"line":159,"column":9}},"line":156},"16":{"name":"(anonymous_16)","decl":{"start":{"line":163,"column":8},"end":{"line":163,"column":19}},"loc":{"start":{"line":163,"column":64},"end":{"line":177,"column":null}},"line":163},"17":{"name":"(anonymous_17)","decl":{"start":{"line":170,"column":65},"end":{"line":170,"column":66}},"loc":{"start":{"line":170,"column":75},"end":{"line":175,"column":5}},"line":170},"18":{"name":"isRdfType","decl":{"start":{"line":179,"column":9},"end":{"line":179,"column":19}},"loc":{"start":{"line":179,"column":40},"end":{"line":186,"column":null}},"line":179},"19":{"name":"(anonymous_19)","decl":{"start":{"line":194,"column":2},"end":{"line":194,"column":14}},"loc":{"start":{"line":194,"column":24},"end":{"line":197,"column":null}},"line":194},"20":{"name":"(anonymous_20)","decl":{"start":{"line":206,"column":8},"end":{"line":206,"column":null}},"loc":{"start":{"line":209,"column":21},"end":{"line":236,"column":null}},"line":209},"21":{"name":"(anonymous_21)","decl":{"start":{"line":211,"column":27},"end":{"line":211,"column":28}},"loc":{"start":{"line":212,"column":6},"end":{"line":227,"column":null}},"line":212},"22":{"name":"(anonymous_22)","decl":{"start":{"line":212,"column":12},"end":{"line":212,"column":24}},"loc":{"start":{"line":212,"column":24},"end":{"line":227,"column":7}},"line":212},"23":{"name":"(anonymous_23)","decl":{"start":{"line":233,"column":8},"end":{"line":233,"column":9}},"loc":{"start":{"line":233,"column":52},"end":{"line":233,"column":null}},"line":233},"24":{"name":"(anonymous_24)","decl":{"start":{"line":235,"column":15},"end":{"line":235,"column":16}},"loc":{"start":{"line":235,"column":22},"end":{"line":235,"column":29}},"line":235},"25":{"name":"(anonymous_25)","decl":{"start":{"line":237,"column":8},"end":{"line":237,"column":23}},"loc":{"start":{"line":237,"column":48},"end":{"line":260,"column":null}},"line":237},"26":{"name":"(anonymous_26)","decl":{"start":{"line":249,"column":11},"end":{"line":249,"column":12}},"loc":{"start":{"line":249,"column":21},"end":{"line":249,"column":50}},"line":249},"27":{"name":"(anonymous_27)","decl":{"start":{"line":251,"column":8},"end":{"line":251,"column":9}},"loc":{"start":{"line":252,"column":10},"end":{"line":253,"column":null}},"line":252},"28":{"name":"(anonymous_28)","decl":{"start":{"line":255,"column":11},"end":{"line":255,"column":12}},"loc":{"start":{"line":255,"column":28},"end":{"line":255,"column":40}},"line":255},"29":{"name":"(anonymous_29)","decl":{"start":{"line":261,"column":8},"end":{"line":261,"column":19}},"loc":{"start":{"line":261,"column":64},"end":{"line":275,"column":null}},"line":261},"30":{"name":"(anonymous_30)","decl":{"start":{"line":268,"column":65},"end":{"line":268,"column":66}},"loc":{"start":{"line":268,"column":75},"end":{"line":273,"column":5}},"line":268}},"branchMap":{"0":{"loc":{"start":{"line":88,"column":4},"end":{"line":96,"column":null}},"type":"if","locations":[{"start":{"line":88,"column":4},"end":{"line":96,"column":null}},{"start":{"line":92,"column":11},"end":{"line":96,"column":null}}],"line":88},"1":{"loc":{"start":{"line":116,"column":4},"end":{"line":118,"column":null}},"type":"if","locations":[{"start":{"line":116,"column":4},"end":{"line":118,"column":null}},{"start":{},"end":{}}],"line":116},"2":{"loc":{"start":{"line":119,"column":4},"end":{"line":121,"column":null}},"type":"if","locations":[{"start":{"line":119,"column":4},"end":{"line":121,"column":null}},{"start":{},"end":{}}],"line":119},"3":{"loc":{"start":{"line":122,"column":4},"end":{"line":124,"column":null}},"type":"if","locations":[{"start":{"line":122,"column":4},"end":{"line":124,"column":null}},{"start":{},"end":{}}],"line":122},"4":{"loc":{"start":{"line":129,"column":6},"end":{"line":133,"column":null}},"type":"if","locations":[{"start":{"line":129,"column":6},"end":{"line":133,"column":null}},{"start":{},"end":{}}],"line":129},"5":{"loc":{"start":{"line":143,"column":6},"end":{"line":145,"column":null}},"type":"if","locations":[{"start":{"line":143,"column":6},"end":{"line":145,"column":null}},{"start":{},"end":{}}],"line":143},"6":{"loc":{"start":{"line":149,"column":10},"end":{"line":149,"column":null}},"type":"if","locations":[{"start":{"line":149,"column":10},"end":{"line":149,"column":null}},{"start":{},"end":{}}],"line":149},"7":{"loc":{"start":{"line":165,"column":4},"end":{"line":167,"column":null}},"type":"if","locations":[{"start":{"line":165,"column":4},"end":{"line":167,"column":null}},{"start":{},"end":{}}],"line":165},"8":{"loc":{"start":{"line":208,"column":4},"end":{"line":208,"column":null}},"type":"default-arg","locations":[{"start":{"line":208,"column":26},"end":{"line":208,"column":null}}],"line":208},"9":{"loc":{"start":{"line":214,"column":8},"end":{"line":218,"column":null}},"type":"if","locations":[{"start":{"line":214,"column":8},"end":{"line":218,"column":null}},{"start":{},"end":{}}],"line":214},"10":{"loc":{"start":{"line":220,"column":10},"end":{"line":220,"column":null}},"type":"binary-expr","locations":[{"start":{"line":220,"column":10},"end":{"line":220,"column":65}},{"start":{"line":220,"column":65},"end":{"line":220,"column":null}}],"line":220},"11":{"loc":{"start":{"line":221,"column":8},"end":{"line":223,"column":null}},"type":"if","locations":[{"start":{"line":221,"column":8},"end":{"line":223,"column":null}},{"start":{},"end":{}}],"line":221},"12":{"loc":{"start":{"line":252,"column":10},"end":{"line":253,"column":null}},"type":"binary-expr","locations":[{"start":{"line":252,"column":10},"end":{"line":252,"column":null}},{"start":{"line":253,"column":10},"end":{"line":253,"column":null}}],"line":252},"13":{"loc":{"start":{"line":256,"column":4},"end":{"line":258,"column":null}},"type":"if","locations":[{"start":{"line":256,"column":4},"end":{"line":258,"column":null}},{"start":{},"end":{}}],"line":256},"14":{"loc":{"start":{"line":262,"column":4},"end":{"line":265,"column":null}},"type":"if","locations":[{"start":{"line":262,"column":4},"end":{"line":265,"column":null}},{"start":{},"end":{}}],"line":262}},"s":{"0":0,"1":0,"2":0,"3":0,"4":0,"5":0,"6":0,"7":0,"8":0,"9":0,"10":0,"11":0,"12":0,"13":0,"14":0,"15":0,"16":0,"17":0,"18":4,"19":4,"20":0,"21":0,"22":0,"23":4,"24":4,"25":4,"26":4,"27":4,"28":4,"29":4,"30":0,"31":4,"32":4,"33":4,"34":0,"35":4,"36":4,"37":4,"38":4,"39":4,"40":0,"41":0,"42":0,"43":4,"44":4,"45":4,"46":4,"47":4,"48":4,"49":0,"50":4,"51":3349,"52":0,"53":3349,"54":0,"55":0,"56":4,"57":4,"58":4,"59":4,"60":0,"61":4,"62":4,"63":4,"64":4,"65":4,"66":0,"67":0,"68":0,"69":0,"70":0,"71":0,"72":0,"73":0,"74":0,"75":0,"76":0,"77":0,"78":0,"79":0,"80":0,"81":0,"82":0,"83":0,"84":0,"85":0,"86":0,"87":0,"88":0,"89":0,"90":0,"91":0,"92":0,"93":0,"94":0,"95":0,"96":0,"97":0,"98":0,"99":0,"100":0,"101":0,"102":0,"103":0,"104":0,"105":0,"106":0,"107":0},"f":{"0":0,"1":0,"2":0,"3":0,"4":0,"5":0,"6":0,"7":0,"8":0,"9":4,"10":4,"11":4,"12":4,"13":3349,"14":0,"15":4,"16":4,"17":4,"18":0,"19":0,"20":0,"21":0,"22":0,"23":0,"24":0,"25":0,"26":0,"27":0,"28":0,"29":0,"30":0},"b":{"0":[0,4],"1":[0,4],"2":[4,0],"3":[0,4],"4":[0,4],"5":[0,4],"6":[0,3349],"7":[0,4],"8":[0],"9":[0,0],"10":[0,0],"11":[0,0],"12":[0,0],"13":[0,0],"14":[0,0]},"meta":{"lastBranch":15,"lastFunction":31,"lastStatement":108,"seen":{"s:24:9:24:Infinity":0,"f:28:2:28:14":0,"s:29:4:29:Infinity":1,"s:30:4:30:Infinity":2,"f:38:2:38:24":1,"s:39:19:39:Infinity":3,"s:40:29:40:Infinity":4,"s:41:18:48:Infinity":5,"f:41:39:41:40":2,"s:42:6:47:Infinity":6,"s:49:4:49:Infinity":7,"f:52:8:52:19":3,"s:53:21:53:Infinity":8,"s:54:4:75:Infinity":9,"f:54:23:54:24":4,"s:55:6:74:Infinity":10,"f:60:14:60:15":5,"s:60:28:60:43":11,"f:61:14:61:15":6,"s:62:24:62:Infinity":12,"s:63:47:68:Infinity":13,"f:63:57:63:58":7,"s:64:12:67:Infinity":14,"s:69:10:69:Infinity":15,"f:71:15:71:16":8,"s:72:10:72:Infinity":16,"s:73:10:73:Infinity":17,"s:84:24:84:Infinity":18,"f:87:2:87:14":9,"b:88:4:96:Infinity:92:11:96:Infinity":0,"s:88:4:96:Infinity":19,"s:89:6:89:Infinity":20,"s:90:6:90:Infinity":21,"s:91:6:91:Infinity":22,"s:93:6:93:Infinity":23,"s:94:6:94:Infinity":24,"s:95:6:95:Infinity":25,"f:105:8:105:18":10,"s:106:21:106:Infinity":26,"s:107:17:107:Infinity":27,"s:108:4:108:Infinity":28,"f:115:8:115:36":11,"b:116:4:118:Infinity:undefined:undefined:undefined:undefined":1,"s:116:4:118:Infinity":29,"s:117:6:117:Infinity":30,"b:119:4:121:Infinity:undefined:undefined:undefined:undefined":2,"s:119:4:121:Infinity":31,"s:120:6:120:Infinity":32,"b:122:4:124:Infinity:undefined:undefined:undefined:undefined":3,"s:122:4:124:Infinity":33,"s:123:6:123:Infinity":34,"s:125:21:125:Infinity":35,"s:126:19:126:Infinity":36,"s:127:4:127:Infinity":37,"s:128:4:160:Infinity":38,"f:128:29:128:30":12,"b:129:6:133:Infinity:undefined:undefined:undefined:undefined":4,"s:129:6:133:Infinity":39,"s:130:20:130:Infinity":40,"s:131:8:131:Infinity":41,"s:132:8:132:Infinity":42,"s:134:20:134:Infinity":43,"s:135:6:135:Infinity":44,"s:136:27:140:Infinity":45,"s:141:24:141:Infinity":46,"s:142:29:142:Infinity":47,"b:143:6:145:Infinity:undefined:undefined:undefined:undefined":5,"s:143:6:145:Infinity":48,"s:145:8:145:Infinity":49,"s:146:6:159:Infinity":50,"f:148:20:148:21":13,"b:149:10:149:Infinity:undefined:undefined:undefined:undefined":6,"s:149:10:149:Infinity":51,"s:149:27:149:Infinity":52,"s:150:10:150:Infinity":53,"f:152:21:152:22":14,"s:153:10:153:Infinity":54,"s:154:10:154:Infinity":55,"f:156:19:156:31":15,"s:157:10:157:Infinity":56,"s:158:10:158:Infinity":57,"f:163:8:163:19":16,"s:164:4:164:Infinity":58,"b:165:4:167:Infinity:undefined:undefined:undefined:undefined":7,"s:165:4:167:Infinity":59,"s:166:6:166:Infinity":60,"s:168:10:168:Infinity":61,"s:169:34:169:Infinity":62,"s:170:47:175:Infinity":63,"f:170:65:170:66":17,"s:171:6:174:Infinity":64,"s:176:4:176:Infinity":65,"f:179:9:179:19":18,"s:180:2:185:Infinity":66,"s:189:9:189:Infinity":67,"s:192:18:192:Infinity":68,"s:193:25:193:Infinity":69,"f:194:2:194:14":19,"s:195:4:195:Infinity":70,"s:196:4:196:Infinity":71,"f:206:8:206:Infinity":20,"b:208:26:208:Infinity":8,"s:210:10:210:Infinity":72,"s:211:18:228:Infinity":73,"f:211:27:211:28":21,"s:212:6:227:Infinity":74,"f:212:12:212:24":22,"s:213:25:213:Infinity":75,"b:214:8:218:Infinity:undefined:undefined:undefined:undefined":9,"s:214:8:218:Infinity":76,"s:215:10:217:Infinity":77,"s:220:10:220:Infinity":78,"b:220:10:220:65:220:65:220:Infinity":10,"b:221:8:223:Infinity:undefined:undefined:undefined:undefined":11,"s:221:8:223:Infinity":79,"s:222:10:222:Infinity":80,"s:224:21:224:Infinity":81,"s:225:23:225:Infinity":82,"s:226:8:226:Infinity":83,"s:229:20:229:Infinity":84,"s:231:4:235:Infinity":85,"f:233:8:233:9":23,"s:233:52:233:Infinity":86,"f:235:15:235:16":24,"s:235:22:235:29":87,"f:237:8:237:23":25,"s:238:27:238:Infinity":88,"s:239:4:239:Infinity":89,"s:240:16:240:Infinity":90,"s:241:10:245:Infinity":91,"s:246:10:246:Infinity":92,"s:247:25:255:Infinity":93,"f:249:11:249:12":26,"s:249:21:249:50":94,"f:251:8:251:9":27,"s:252:10:253:Infinity":95,"b:252:10:252:Infinity:253:10:253:Infinity":12,"f:255:11:255:12":28,"s:255:28:255:40":96,"b:256:4:258:Infinity:undefined:undefined:undefined:undefined":13,"s:256:4:258:Infinity":97,"s:257:6:257:Infinity":98,"s:259:4:259:Infinity":99,"f:261:8:261:19":29,"b:262:4:265:Infinity:undefined:undefined:undefined:undefined":14,"s:262:4:265:Infinity":100,"s:263:6:263:Infinity":101,"s:264:6:264:Infinity":102,"s:266:10:266:Infinity":103,"s:267:34:267:Infinity":104,"s:268:47:273:Infinity":105,"f:268:65:268:66":30,"s:269:6:272:Infinity":106,"s:274:4:274:Infinity":107}}}
,"/home/adam/MFF/bakalarka/rdf-viewer/src/fetch/data-source.ts": {"path":"/home/adam/MFF/bakalarka/rdf-viewer/src/fetch/data-source.ts","statementMap":{"0":{"start":{"line":9,"column":0},"end":{"line":9,"column":null}},"1":{"start":{"line":10,"column":2},"end":{"line":10,"column":null}},"2":{"start":{"line":11,"column":2},"end":{"line":11,"column":null}},"3":{"start":{"line":12,"column":2},"end":{"line":12,"column":null}},"4":{"start":{"line":13,"column":2},"end":{"line":13,"column":null}},"5":{"start":{"line":9,"column":5},"end":{"line":9,"column":null}}},"fnMap":{"0":{"name":"(anonymous_0)","decl":{"start":{"line":9,"column":0},"end":{"line":9,"column":5}},"loc":{"start":{"line":9,"column":0},"end":{"line":9,"column":null}},"line":9}},"branchMap":{"0":{"loc":{"start":{"line":9,"column":5},"end":{"line":9,"column":null}},"type":"binary-expr","locations":[{"start":{"line":9,"column":5},"end":{"line":9,"column":null}},{"start":{"line":9,"column":5},"end":{"line":9,"column":null}}],"line":9}},"s":{"0":3,"1":3,"2":3,"3":3,"4":3,"5":3},"f":{"0":3},"b":{"0":[3,3]},"meta":{"lastBranch":1,"lastFunction":1,"lastStatement":6,"seen":{"s:9:0:9:Infinity":0,"f:9:0:9:5":0,"s:10:2:10:Infinity":1,"s:11:2:11:Infinity":2,"s:12:2:12:Infinity":3,"s:13:2:13:Infinity":4,"s:9:5:9:Infinity":5,"b:9:5:9:Infinity:9:5:9:Infinity":0}}}
,"/home/adam/MFF/bakalarka/rdf-viewer/src/fetch/fetcher.ts": {"path":"/home/adam/MFF/bakalarka/rdf-viewer/src/fetch/fetcher.ts","statementMap":{"0":{"start":{"line":45,"column":22},"end":{"line":45,"column":null}},"1":{"start":{"line":56,"column":4},"end":{"line":56,"column":null}},"2":{"start":{"line":60,"column":20},"end":{"line":62,"column":null}},"3":{"start":{"line":61,"column":35},"end":{"line":61,"column":55}},"4":{"start":{"line":64,"column":52},"end":{"line":64,"column":null}},"5":{"start":{"line":65,"column":28},"end":{"line":65,"column":null}},"6":{"start":{"line":67,"column":4},"end":{"line":77,"column":null}},"7":{"start":{"line":68,"column":6},"end":{"line":76,"column":null}},"8":{"start":{"line":69,"column":8},"end":{"line":69,"column":null}},"9":{"start":{"line":71,"column":8},"end":{"line":75,"column":null}},"10":{"start":{"line":79,"column":4},"end":{"line":82,"column":null}},"11":{"start":{"line":88,"column":24},"end":{"line":88,"column":null}},"12":{"start":{"line":89,"column":4},"end":{"line":92,"column":null}},"13":{"start":{"line":96,"column":36},"end":{"line":96,"column":null}},"14":{"start":{"line":98,"column":4},"end":{"line":128,"column":null}},"15":{"start":{"line":99,"column":25},"end":{"line":99,"column":null}},"16":{"start":{"line":100,"column":27},"end":{"line":100,"column":null}},"17":{"start":{"line":101,"column":21},"end":{"line":101,"column":null}},"18":{"start":{"line":102,"column":20},"end":{"line":102,"column":null}},"19":{"start":{"line":104,"column":6},"end":{"line":106,"column":null}},"20":{"start":{"line":105,"column":8},"end":{"line":105,"column":null}},"21":{"start":{"line":107,"column":6},"end":{"line":109,"column":null}},"22":{"start":{"line":108,"column":8},"end":{"line":108,"column":null}},"23":{"start":{"line":110,"column":23},"end":{"line":110,"column":null}},"24":{"start":{"line":111,"column":6},"end":{"line":127,"column":null}},"25":{"start":{"line":112,"column":8},"end":{"line":116,"column":null}},"26":{"start":{"line":113,"column":10},"end":{"line":115,"column":null}},"27":{"start":{"line":114,"column":12},"end":{"line":114,"column":null}},"28":{"start":{"line":117,"column":8},"end":{"line":119,"column":null}},"29":{"start":{"line":118,"column":10},"end":{"line":118,"column":null}},"30":{"start":{"line":121,"column":48},"end":{"line":125,"column":null}},"31":{"start":{"line":126,"column":8},"end":{"line":126,"column":null}},"32":{"start":{"line":130,"column":4},"end":{"line":130,"column":null}},"33":{"start":{"line":134,"column":4},"end":{"line":134,"column":null}},"34":{"start":{"line":160,"column":34},"end":{"line":160,"column":null}},"35":{"start":{"line":162,"column":2},"end":{"line":200,"column":null}},"36":{"start":{"line":163,"column":4},"end":{"line":165,"column":null}},"37":{"start":{"line":164,"column":6},"end":{"line":164,"column":null}},"38":{"start":{"line":167,"column":24},"end":{"line":167,"column":null}},"39":{"start":{"line":168,"column":29},"end":{"line":168,"column":null}},"40":{"start":{"line":170,"column":4},"end":{"line":199,"column":null}},"41":{"start":{"line":171,"column":6},"end":{"line":173,"column":null}},"42":{"start":{"line":172,"column":8},"end":{"line":172,"column":null}},"43":{"start":{"line":175,"column":23},"end":{"line":175,"column":null}},"44":{"start":{"line":176,"column":28},"end":{"line":176,"column":null}},"45":{"start":{"line":178,"column":6},"end":{"line":198,"column":null}},"46":{"start":{"line":179,"column":21},"end":{"line":179,"column":null}},"47":{"start":{"line":181,"column":8},"end":{"line":197,"column":null}},"48":{"start":{"line":182,"column":23},"end":{"line":182,"column":null}},"49":{"start":{"line":185,"column":10},"end":{"line":187,"column":null}},"50":{"start":{"line":190,"column":25},"end":{"line":190,"column":null}},"51":{"start":{"line":191,"column":10},"end":{"line":191,"column":null}},"52":{"start":{"line":191,"column":27},"end":{"line":191,"column":null}},"53":{"start":{"line":192,"column":10},"end":{"line":192,"column":null}},"54":{"start":{"line":192,"column":27},"end":{"line":192,"column":null}},"55":{"start":{"line":194,"column":10},"end":{"line":194,"column":null}},"56":{"start":{"line":196,"column":10},"end":{"line":196,"column":null}},"57":{"start":{"line":202,"column":2},"end":{"line":202,"column":null}},"58":{"start":{"line":206,"column":2},"end":{"line":206,"column":null}}},"fnMap":{"0":{"name":"(anonymous_0)","decl":{"start":{"line":55,"column":2},"end":{"line":55,"column":14}},"loc":{"start":{"line":55,"column":50},"end":{"line":57,"column":null}},"line":55},"1":{"name":"(anonymous_1)","decl":{"start":{"line":59,"column":8},"end":{"line":59,"column":19}},"loc":{"start":{"line":59,"column":77},"end":{"line":83,"column":null}},"line":59},"2":{"name":"(anonymous_2)","decl":{"start":{"line":61,"column":27},"end":{"line":61,"column":28}},"loc":{"start":{"line":61,"column":35},"end":{"line":61,"column":55}},"line":61},"3":{"name":"(anonymous_3)","decl":{"start":{"line":67,"column":20},"end":{"line":67,"column":21}},"loc":{"start":{"line":67,"column":39},"end":{"line":77,"column":5}},"line":67},"4":{"name":"(anonymous_4)","decl":{"start":{"line":85,"column":8},"end":{"line":85,"column":null}},"loc":{"start":{"line":87,"column":43},"end":{"line":93,"column":null}},"line":87},"5":{"name":"(anonymous_5)","decl":{"start":{"line":95,"column":2},"end":{"line":95,"column":17}},"loc":{"start":{"line":95,"column":69},"end":{"line":131,"column":null}},"line":95},"6":{"name":"(anonymous_6)","decl":{"start":{"line":133,"column":2},"end":{"line":133,"column":26}},"loc":{"start":{"line":133,"column":26},"end":{"line":135,"column":null}},"line":133},"7":{"name":"mergeStructuredQuads","decl":{"start":{"line":156,"column":9},"end":{"line":156,"column":null}},"loc":{"start":{"line":159,"column":19},"end":{"line":203,"column":null}},"line":159},"8":{"name":"fetcher","decl":{"start":{"line":205,"column":9},"end":{"line":205,"column":17}},"loc":{"start":{"line":205,"column":62},"end":{"line":207,"column":null}},"line":205}},"branchMap":{"0":{"loc":{"start":{"line":68,"column":6},"end":{"line":76,"column":null}},"type":"if","locations":[{"start":{"line":68,"column":6},"end":{"line":76,"column":null}},{"start":{"line":70,"column":13},"end":{"line":76,"column":null}}],"line":68},"1":{"loc":{"start":{"line":102,"column":20},"end":{"line":102,"column":null}},"type":"binary-expr","locations":[{"start":{"line":102,"column":20},"end":{"line":102,"column":40}},{"start":{"line":102,"column":40},"end":{"line":102,"column":null}}],"line":102},"2":{"loc":{"start":{"line":104,"column":6},"end":{"line":106,"column":null}},"type":"if","locations":[{"start":{"line":104,"column":6},"end":{"line":106,"column":null}},{"start":{},"end":{}}],"line":104},"3":{"loc":{"start":{"line":107,"column":6},"end":{"line":109,"column":null}},"type":"if","locations":[{"start":{"line":107,"column":6},"end":{"line":109,"column":null}},{"start":{},"end":{}}],"line":107},"4":{"loc":{"start":{"line":111,"column":6},"end":{"line":127,"column":null}},"type":"if","locations":[{"start":{"line":111,"column":6},"end":{"line":127,"column":null}},{"start":{"line":120,"column":13},"end":{"line":127,"column":null}}],"line":111},"5":{"loc":{"start":{"line":113,"column":10},"end":{"line":115,"column":null}},"type":"if","locations":[{"start":{"line":113,"column":10},"end":{"line":115,"column":null}},{"start":{},"end":{}}],"line":113},"6":{"loc":{"start":{"line":117,"column":8},"end":{"line":119,"column":null}},"type":"if","locations":[{"start":{"line":117,"column":8},"end":{"line":119,"column":null}},{"start":{},"end":{}}],"line":117},"7":{"loc":{"start":{"line":163,"column":4},"end":{"line":165,"column":null}},"type":"if","locations":[{"start":{"line":163,"column":4},"end":{"line":165,"column":null}},{"start":{},"end":{}}],"line":163},"8":{"loc":{"start":{"line":171,"column":6},"end":{"line":173,"column":null}},"type":"if","locations":[{"start":{"line":171,"column":6},"end":{"line":173,"column":null}},{"start":{},"end":{}}],"line":171},"9":{"loc":{"start":{"line":181,"column":8},"end":{"line":197,"column":null}},"type":"if","locations":[{"start":{"line":181,"column":8},"end":{"line":197,"column":null}},{"start":{"line":195,"column":15},"end":{"line":197,"column":null}}],"line":181},"10":{"loc":{"start":{"line":191,"column":10},"end":{"line":191,"column":null}},"type":"if","locations":[{"start":{"line":191,"column":10},"end":{"line":191,"column":null}},{"start":{},"end":{}}],"line":191},"11":{"loc":{"start":{"line":192,"column":10},"end":{"line":192,"column":null}},"type":"if","locations":[{"start":{"line":192,"column":10},"end":{"line":192,"column":null}},{"start":{},"end":{}}],"line":192}},"s":{"0":4,"1":5,"2":5,"3":5,"4":5,"5":5,"6":5,"7":5,"8":5,"9":0,"10":5,"11":3,"12":3,"13":3,"14":3,"15":6,"16":6,"17":6,"18":6,"19":6,"20":3,"21":6,"22":3,"23":6,"24":6,"25":0,"26":0,"27":0,"28":0,"29":0,"30":6,"31":6,"32":3,"33":4,"34":3,"35":3,"36":4,"37":2,"38":4,"39":4,"40":4,"41":6,"42":3,"43":6,"44":6,"45":6,"46":9,"47":9,"48":3,"49":3,"50":3,"51":3,"52":3,"53":3,"54":3,"55":3,"56":6,"57":3,"58":5},"f":{"0":5,"1":5,"2":5,"3":5,"4":3,"5":3,"6":4,"7":3,"8":5},"b":{"0":[5,0],"1":[6,6],"2":[3,3],"3":[3,3],"4":[0,6],"5":[0,0],"6":[0,0],"7":[2,2],"8":[3,3],"9":[3,6],"10":[3,0],"11":[3,0]},"meta":{"lastBranch":12,"lastFunction":9,"lastStatement":59,"seen":{"s:45:22:45:Infinity":0,"f:55:2:55:14":0,"s:56:4:56:Infinity":1,"f:59:8:59:19":1,"s:60:20:62:Infinity":2,"f:61:27:61:28":2,"s:61:35:61:55":3,"s:64:52:64:Infinity":4,"s:65:28:65:Infinity":5,"s:67:4:77:Infinity":6,"f:67:20:67:21":3,"b:68:6:76:Infinity:70:13:76:Infinity":0,"s:68:6:76:Infinity":7,"s:69:8:69:Infinity":8,"s:71:8:75:Infinity":9,"s:79:4:82:Infinity":10,"f:85:8:85:Infinity":4,"s:88:24:88:Infinity":11,"s:89:4:92:Infinity":12,"f:95:2:95:17":5,"s:96:36:96:Infinity":13,"s:98:4:128:Infinity":14,"s:99:25:99:Infinity":15,"s:100:27:100:Infinity":16,"s:101:21:101:Infinity":17,"s:102:20:102:Infinity":18,"b:102:20:102:40:102:40:102:Infinity":1,"b:104:6:106:Infinity:undefined:undefined:undefined:undefined":2,"s:104:6:106:Infinity":19,"s:105:8:105:Infinity":20,"b:107:6:109:Infinity:undefined:undefined:undefined:undefined":3,"s:107:6:109:Infinity":21,"s:108:8:108:Infinity":22,"s:110:23:110:Infinity":23,"b:111:6:127:Infinity:120:13:127:Infinity":4,"s:111:6:127:Infinity":24,"s:112:8:116:Infinity":25,"b:113:10:115:Infinity:undefined:undefined:undefined:undefined":5,"s:113:10:115:Infinity":26,"s:114:12:114:Infinity":27,"b:117:8:119:Infinity:undefined:undefined:undefined:undefined":6,"s:117:8:119:Infinity":28,"s:118:10:118:Infinity":29,"s:121:48:125:Infinity":30,"s:126:8:126:Infinity":31,"s:130:4:130:Infinity":32,"f:133:2:133:26":6,"s:134:4:134:Infinity":33,"f:156:9:156:Infinity":7,"s:160:34:160:Infinity":34,"s:162:2:200:Infinity":35,"b:163:4:165:Infinity:undefined:undefined:undefined:undefined":7,"s:163:4:165:Infinity":36,"s:164:6:164:Infinity":37,"s:167:24:167:Infinity":38,"s:168:29:168:Infinity":39,"s:170:4:199:Infinity":40,"b:171:6:173:Infinity:undefined:undefined:undefined:undefined":8,"s:171:6:173:Infinity":41,"s:172:8:172:Infinity":42,"s:175:23:175:Infinity":43,"s:176:28:176:Infinity":44,"s:178:6:198:Infinity":45,"s:179:21:179:Infinity":46,"b:181:8:197:Infinity:195:15:197:Infinity":9,"s:181:8:197:Infinity":47,"s:182:23:182:Infinity":48,"s:185:10:187:Infinity":49,"s:190:25:190:Infinity":50,"b:191:10:191:Infinity:undefined:undefined:undefined:undefined":10,"s:191:10:191:Infinity":51,"s:191:27:191:Infinity":52,"b:192:10:192:Infinity:undefined:undefined:undefined:undefined":11,"s:192:10:192:Infinity":53,"s:192:27:192:Infinity":54,"s:194:10:194:Infinity":55,"s:196:10:196:Infinity":56,"s:202:2:202:Infinity":57,"f:205:9:205:17":8,"s:206:2:206:Infinity":58}}}
,"/home/adam/MFF/bakalarka/rdf-viewer/src/plugin-api/context-implementations.ts": {"path":"/home/adam/MFF/bakalarka/rdf-viewer/src/plugin-api/context-implementations.ts","statementMap":{"0":{"start":{"line":31,"column":15},"end":{"line":31,"column":null}},"1":{"start":{"line":32,"column":2},"end":{"line":36,"column":null}},"2":{"start":{"line":43,"column":2},"end":{"line":43,"column":null}},"3":{"start":{"line":50,"column":2},"end":{"line":50,"column":null}},"4":{"start":{"line":65,"column":4},"end":{"line":65,"column":null}},"5":{"start":{"line":66,"column":4},"end":{"line":66,"column":null}},"6":{"start":{"line":67,"column":4},"end":{"line":69,"column":null}},"7":{"start":{"line":70,"column":4},"end":{"line":72,"column":null}},"8":{"start":{"line":73,"column":4},"end":{"line":75,"column":null}},"9":{"start":{"line":84,"column":16},"end":{"line":84,"column":null}},"10":{"start":{"line":86,"column":34},"end":{"line":86,"column":null}},"11":{"start":{"line":87,"column":4},"end":{"line":94,"column":null}},"12":{"start":{"line":88,"column":6},"end":{"line":93,"column":null}},"13":{"start":{"line":92,"column":8},"end":{"line":92,"column":null}},"14":{"start":{"line":95,"column":4},"end":{"line":95,"column":null}},"15":{"start":{"line":99,"column":4},"end":{"line":99,"column":null}},"16":{"start":{"line":104,"column":47},"end":{"line":104,"column":null}},"17":{"start":{"line":106,"column":44},"end":{"line":106,"column":null}},"18":{"start":{"line":108,"column":12},"end":{"line":108,"column":null}},"19":{"start":{"line":118,"column":4},"end":{"line":118,"column":null}},"20":{"start":{"line":119,"column":4},"end":{"line":122,"column":null}},"21":{"start":{"line":123,"column":4},"end":{"line":127,"column":null}},"22":{"start":{"line":128,"column":4},"end":{"line":128,"column":null}},"23":{"start":{"line":131,"column":24},"end":{"line":131,"column":null}},"24":{"start":{"line":132,"column":4},"end":{"line":132,"column":null}},"25":{"start":{"line":133,"column":22},"end":{"line":133,"column":null}},"26":{"start":{"line":134,"column":4},"end":{"line":134,"column":null}},"27":{"start":{"line":134,"column":40},"end":{"line":134,"column":78}},"28":{"start":{"line":135,"column":4},"end":{"line":135,"column":null}},"29":{"start":{"line":139,"column":26},"end":{"line":139,"column":null}},"30":{"start":{"line":141,"column":20},"end":{"line":141,"column":null}},"31":{"start":{"line":142,"column":18},"end":{"line":146,"column":null}},"32":{"start":{"line":147,"column":24},"end":{"line":147,"column":null}},"33":{"start":{"line":148,"column":23},"end":{"line":148,"column":null}},"34":{"start":{"line":149,"column":4},"end":{"line":149,"column":null}},"35":{"start":{"line":149,"column":40},"end":{"line":149,"column":78}},"36":{"start":{"line":151,"column":22},"end":{"line":151,"column":null}},"37":{"start":{"line":152,"column":4},"end":{"line":152,"column":null}},"38":{"start":{"line":155,"column":4},"end":{"line":156,"column":null}},"39":{"start":{"line":156,"column":6},"end":{"line":156,"column":null}},"40":{"start":{"line":157,"column":20},"end":{"line":157,"column":null}},"41":{"start":{"line":158,"column":20},"end":{"line":158,"column":null}},"42":{"start":{"line":159,"column":4},"end":{"line":159,"column":null}},"43":{"start":{"line":159,"column":19},"end":{"line":159,"column":null}},"44":{"start":{"line":160,"column":18},"end":{"line":160,"column":null}},"45":{"start":{"line":162,"column":24},"end":{"line":162,"column":null}},"46":{"start":{"line":163,"column":23},"end":{"line":163,"column":null}},"47":{"start":{"line":164,"column":4},"end":{"line":164,"column":null}},"48":{"start":{"line":165,"column":22},"end":{"line":165,"column":null}},"49":{"start":{"line":166,"column":4},"end":{"line":166,"column":null}},"50":{"start":{"line":166,"column":40},"end":{"line":166,"column":78}},"51":{"start":{"line":167,"column":4},"end":{"line":167,"column":null}},"52":{"start":{"line":171,"column":4},"end":{"line":171,"column":null}},"53":{"start":{"line":175,"column":4},"end":{"line":178,"column":null}},"54":{"start":{"line":179,"column":4},"end":{"line":179,"column":null}},"55":{"start":{"line":184,"column":29},"end":{"line":184,"column":null}},"56":{"start":{"line":189,"column":4},"end":{"line":192,"column":null}},"57":{"start":{"line":196,"column":4},"end":{"line":203,"column":null}},"58":{"start":{"line":197,"column":23},"end":{"line":197,"column":null}},"59":{"start":{"line":198,"column":6},"end":{"line":202,"column":null}},"60":{"start":{"line":199,"column":8},"end":{"line":199,"column":null}},"61":{"start":{"line":199,"column":33},"end":{"line":199,"column":50}},"62":{"start":{"line":201,"column":8},"end":{"line":201,"column":null}},"63":{"start":{"line":207,"column":4},"end":{"line":217,"column":null}},"64":{"start":{"line":209,"column":27},"end":{"line":209,"column":null}},"65":{"start":{"line":210,"column":8},"end":{"line":214,"column":null}},"66":{"start":{"line":211,"column":31},"end":{"line":211,"column":null}},"67":{"start":{"line":212,"column":10},"end":{"line":212,"column":null}},"68":{"start":{"line":213,"column":10},"end":{"line":213,"column":null}},"69":{"start":{"line":215,"column":8},"end":{"line":215,"column":null}},"70":{"start":{"line":225,"column":4},"end":{"line":226,"column":null}},"71":{"start":{"line":225,"column":14},"end":{"line":225,"column":null}},"72":{"start":{"line":226,"column":9},"end":{"line":226,"column":null}},"73":{"start":{"line":230,"column":4},"end":{"line":230,"column":null}},"74":{"start":{"line":233,"column":23},"end":{"line":233,"column":null}},"75":{"start":{"line":234,"column":4},"end":{"line":234,"column":null}},"76":{"start":{"line":234,"column":20},"end":{"line":234,"column":null}},"77":{"start":{"line":235,"column":4},"end":{"line":235,"column":null}},"78":{"start":{"line":238,"column":4},"end":{"line":238,"column":null}},"79":{"start":{"line":241,"column":4},"end":{"line":241,"column":null}},"80":{"start":{"line":254,"column":4},"end":{"line":255,"column":null}},"81":{"start":{"line":254,"column":14},"end":{"line":254,"column":null}},"82":{"start":{"line":255,"column":9},"end":{"line":255,"column":null}},"83":{"start":{"line":258,"column":4},"end":{"line":258,"column":null}},"84":{"start":{"line":261,"column":20},"end":{"line":261,"column":null}},"85":{"start":{"line":262,"column":4},"end":{"line":262,"column":null}},"86":{"start":{"line":262,"column":17},"end":{"line":262,"column":null}},"87":{"start":{"line":263,"column":4},"end":{"line":263,"column":null}},"88":{"start":{"line":268,"column":2},"end":{"line":268,"column":null}},"89":{"start":{"line":271,"column":2},"end":{"line":271,"column":null}},"90":{"start":{"line":275,"column":2},"end":{"line":275,"column":null}}},"fnMap":{"0":{"name":"createInstanceContext","decl":{"start":{"line":27,"column":9},"end":{"line":27,"column":null}},"loc":{"start":{"line":30,"column":27},"end":{"line":37,"column":null}},"line":30},"1":{"name":"createDataContext","decl":{"start":{"line":39,"column":9},"end":{"line":39,"column":null}},"loc":{"start":{"line":42,"column":23},"end":{"line":44,"column":null}},"line":42},"2":{"name":"createCompatibilityContext","decl":{"start":{"line":46,"column":9},"end":{"line":46,"column":null}},"loc":{"start":{"line":49,"column":32},"end":{"line":51,"column":null}},"line":49},"3":{"name":"(anonymous_3)","decl":{"start":{"line":60,"column":2},"end":{"line":60,"column":null}},"loc":{"start":{"line":64,"column":4},"end":{"line":76,"column":null}},"line":64},"4":{"name":"(anonymous_4)","decl":{"start":{"line":77,"column":8},"end":{"line":77,"column":null}},"loc":{"start":{"line":81,"column":37},"end":{"line":96,"column":null}},"line":81},"5":{"name":"(anonymous_5)","decl":{"start":{"line":98,"column":2},"end":{"line":98,"column":16}},"loc":{"start":{"line":98,"column":38},"end":{"line":100,"column":null}},"line":98},"6":{"name":"(anonymous_6)","decl":{"start":{"line":114,"column":2},"end":{"line":114,"column":null}},"loc":{"start":{"line":117,"column":4},"end":{"line":129,"column":null}},"line":117},"7":{"name":"(anonymous_7)","decl":{"start":{"line":130,"column":8},"end":{"line":130,"column":16}},"loc":{"start":{"line":130,"column":30},"end":{"line":136,"column":null}},"line":130},"8":{"name":"(anonymous_8)","decl":{"start":{"line":134,"column":31},"end":{"line":134,"column":32}},"loc":{"start":{"line":134,"column":40},"end":{"line":134,"column":78}},"line":134},"9":{"name":"(anonymous_9)","decl":{"start":{"line":138,"column":8},"end":{"line":138,"column":14}},"loc":{"start":{"line":138,"column":28},"end":{"line":153,"column":null}},"line":138},"10":{"name":"(anonymous_10)","decl":{"start":{"line":149,"column":31},"end":{"line":149,"column":32}},"loc":{"start":{"line":149,"column":40},"end":{"line":149,"column":78}},"line":149},"11":{"name":"(anonymous_11)","decl":{"start":{"line":154,"column":8},"end":{"line":154,"column":14}},"loc":{"start":{"line":154,"column":75},"end":{"line":168,"column":null}},"line":154},"12":{"name":"(anonymous_12)","decl":{"start":{"line":166,"column":31},"end":{"line":166,"column":32}},"loc":{"start":{"line":166,"column":40},"end":{"line":166,"column":78}},"line":166},"13":{"name":"(anonymous_13)","decl":{"start":{"line":170,"column":2},"end":{"line":170,"column":28}},"loc":{"start":{"line":170,"column":28},"end":{"line":172,"column":null}},"line":170},"14":{"name":"(anonymous_14)","decl":{"start":{"line":174,"column":2},"end":{"line":174,"column":13}},"loc":{"start":{"line":174,"column":37},"end":{"line":180,"column":null}},"line":174},"15":{"name":"(anonymous_15)","decl":{"start":{"line":188,"column":2},"end":{"line":188,"column":16}},"loc":{"start":{"line":188,"column":16},"end":{"line":193,"column":null}},"line":188},"16":{"name":"(anonymous_16)","decl":{"start":{"line":195,"column":2},"end":{"line":195,"column":25}},"loc":{"start":{"line":195,"column":59},"end":{"line":204,"column":null}},"line":195},"17":{"name":"(anonymous_17)","decl":{"start":{"line":199,"column":24},"end":{"line":199,"column":25}},"loc":{"start":{"line":199,"column":33},"end":{"line":199,"column":50}},"line":199},"18":{"name":"(anonymous_18)","decl":{"start":{"line":206,"column":2},"end":{"line":206,"column":46}},"loc":{"start":{"line":206,"column":46},"end":{"line":218,"column":null}},"line":206},"19":{"name":"(anonymous_19)","decl":{"start":{"line":208,"column":30},"end":{"line":208,"column":31}},"loc":{"start":{"line":208,"column":49},"end":{"line":216,"column":null}},"line":208},"20":{"name":"(anonymous_20)","decl":{"start":{"line":224,"column":2},"end":{"line":224,"column":14}},"loc":{"start":{"line":224,"column":38},"end":{"line":227,"column":null}},"line":224},"21":{"name":"(anonymous_21)","decl":{"start":{"line":229,"column":2},"end":{"line":229,"column":13}},"loc":{"start":{"line":229,"column":13},"end":{"line":231,"column":null}},"line":229},"22":{"name":"(anonymous_22)","decl":{"start":{"line":232,"column":2},"end":{"line":232,"column":10}},"loc":{"start":{"line":232,"column":24},"end":{"line":236,"column":null}},"line":232},"23":{"name":"(anonymous_23)","decl":{"start":{"line":237,"column":2},"end":{"line":237,"column":12}},"loc":{"start":{"line":237,"column":12},"end":{"line":239,"column":null}},"line":237},"24":{"name":"(anonymous_24)","decl":{"start":{"line":240,"column":2},"end":{"line":240,"column":21}},"loc":{"start":{"line":240,"column":35},"end":{"line":242,"column":null}},"line":240},"25":{"name":"(anonymous_25)","decl":{"start":{"line":253,"column":2},"end":{"line":253,"column":14}},"loc":{"start":{"line":253,"column":43},"end":{"line":256,"column":null}},"line":253},"26":{"name":"(anonymous_26)","decl":{"start":{"line":257,"column":2},"end":{"line":257,"column":15}},"loc":{"start":{"line":257,"column":15},"end":{"line":259,"column":null}},"line":257},"27":{"name":"(anonymous_27)","decl":{"start":{"line":260,"column":2},"end":{"line":260,"column":12}},"loc":{"start":{"line":260,"column":28},"end":{"line":264,"column":null}},"line":260},"28":{"name":"subjectNavigator","decl":{"start":{"line":267,"column":9},"end":{"line":267,"column":26}},"loc":{"start":{"line":267,"column":72},"end":{"line":269,"column":null}},"line":267},"29":{"name":"graphNavigator","decl":{"start":{"line":270,"column":9},"end":{"line":270,"column":24}},"loc":{"start":{"line":270,"column":63},"end":{"line":272,"column":null}},"line":270},"30":{"name":"createSetupContext","decl":{"start":{"line":274,"column":9},"end":{"line":274,"column":52}},"loc":{"start":{"line":274,"column":52},"end":{"line":276,"column":null}},"line":274}},"branchMap":{"0":{"loc":{"start":{"line":80,"column":4},"end":{"line":80,"column":null}},"type":"default-arg","locations":[{"start":{"line":80,"column":26},"end":{"line":80,"column":null}}],"line":80},"1":{"loc":{"start":{"line":88,"column":6},"end":{"line":93,"column":null}},"type":"if","locations":[{"start":{"line":88,"column":6},"end":{"line":93,"column":null}},{"start":{},"end":{}}],"line":88},"2":{"loc":{"start":{"line":89,"column":8},"end":{"line":90,"column":null}},"type":"binary-expr","locations":[{"start":{"line":89,"column":8},"end":{"line":89,"column":null}},{"start":{"line":90,"column":8},"end":{"line":90,"column":null}}],"line":89},"3":{"loc":{"start":{"line":155,"column":4},"end":{"line":156,"column":null}},"type":"if","locations":[{"start":{"line":155,"column":4},"end":{"line":156,"column":null}},{"start":{},"end":{}}],"line":155},"4":{"loc":{"start":{"line":159,"column":4},"end":{"line":159,"column":null}},"type":"if","locations":[{"start":{"line":159,"column":4},"end":{"line":159,"column":null}},{"start":{},"end":{}}],"line":159},"5":{"loc":{"start":{"line":196,"column":4},"end":{"line":203,"column":null}},"type":"if","locations":[{"start":{"line":196,"column":4},"end":{"line":203,"column":null}},{"start":{},"end":{}}],"line":196},"6":{"loc":{"start":{"line":198,"column":6},"end":{"line":202,"column":null}},"type":"if","locations":[{"start":{"line":198,"column":6},"end":{"line":202,"column":null}},{"start":{"line":200,"column":13},"end":{"line":202,"column":null}}],"line":198},"7":{"loc":{"start":{"line":210,"column":8},"end":{"line":214,"column":null}},"type":"if","locations":[{"start":{"line":210,"column":8},"end":{"line":214,"column":null}},{"start":{},"end":{}}],"line":210},"8":{"loc":{"start":{"line":225,"column":4},"end":{"line":226,"column":null}},"type":"if","locations":[{"start":{"line":225,"column":4},"end":{"line":226,"column":null}},{"start":{"line":226,"column":9},"end":{"line":226,"column":null}}],"line":225},"9":{"loc":{"start":{"line":234,"column":4},"end":{"line":234,"column":null}},"type":"if","locations":[{"start":{"line":234,"column":4},"end":{"line":234,"column":null}},{"start":{},"end":{}}],"line":234},"10":{"loc":{"start":{"line":254,"column":4},"end":{"line":255,"column":null}},"type":"if","locations":[{"start":{"line":254,"column":4},"end":{"line":255,"column":null}},{"start":{"line":255,"column":9},"end":{"line":255,"column":null}}],"line":254},"11":{"loc":{"start":{"line":262,"column":4},"end":{"line":262,"column":null}},"type":"if","locations":[{"start":{"line":262,"column":4},"end":{"line":262,"column":null}},{"start":{},"end":{}}],"line":262}},"s":{"0":0,"1":0,"2":3,"3":0,"4":0,"5":0,"6":0,"7":0,"8":0,"9":0,"10":0,"11":0,"12":0,"13":0,"14":0,"15":0,"16":3,"17":3,"18":3,"19":3,"20":3,"21":3,"22":3,"23":1,"24":1,"25":1,"26":1,"27":0,"28":1,"29":1,"30":1,"31":1,"32":1,"33":1,"34":1,"35":0,"36":1,"37":1,"38":1,"39":0,"40":1,"41":1,"42":1,"43":0,"44":1,"45":1,"46":1,"47":1,"48":1,"49":1,"50":0,"51":1,"52":0,"53":2,"54":2,"55":3,"56":3,"57":0,"58":0,"59":0,"60":0,"61":0,"62":0,"63":3,"64":0,"65":0,"66":0,"67":0,"68":0,"69":0,"70":10,"71":10,"72":0,"73":3,"74"
[...]
,"column":8},"end":{"line":101,"column":null}}],"line":68},"1":{"loc":{"start":{"line":122,"column":8},"end":{"line":123,"column":null}},"type":"binary-expr","locations":[{"start":{"line":122,"column":8},"end":{"line":122,"column":null}},{"start":{"line":123,"column":8},"end":{"line":123,"column":null}}],"line":122},"2":{"loc":{"start":{"line":134,"column":4},"end":{"line":142,"column":null}},"type":"if","locations":[{"start":{"line":134,"column":4},"end":{"line":142,"column":null}},{"start":{},"end":{}}],"line":134},"3":{"loc":{"start":{"line":136,"column":20},"end":{"line":140,"column":null}},"type":"cond-expr","locations":[{"start":{"line":137,"column":10},"end":{"line":139,"column":null}},{"start":{"line":140,"column":10},"end":{"line":140,"column":null}}],"line":136},"4":{"loc":{"start":{"line":137,"column":10},"end":{"line":139,"column":null}},"type":"cond-expr","locations":[{"start":{"line":138,"column":12},"end":{"line":138,"column":null}},{"start":{"line":139,"column":12},"end":{"line":139,"column":null}}],"line":137}},"s":{"0":17,"1":17,"2":17,"3":54,"4":54,"5":17,"6":17,"7":17,"8":17,"9":17,"10":31,"11":31,"12":2489,"13":31,"14":6,"15":6,"16":3110,"17":6,"18":0,"19":0,"20":0,"21":0,"22":0,"23":17,"24":17,"25":3408,"26":3408,"27":3110,"28":2489,"29":17,"30":17,"31":17,"32":3408,"33":17,"34":17,"35":17,"36":17,"37":0,"38":17},"f":{"0":17,"1":2489,"2":3110,"3":17,"4":3408,"5":3110,"6":2489,"7":17,"8":3408,"9":17},"b":{"0":[17,31,6,0,0],"1":[3408,2187],"2":[17,0],"3":[2,15],"4":[1,1]},"meta":{"lastBranch":5,"lastFunction":10,"lastStatement":39,"seen":{"f:60:2:60:15":0,"s:61:48:64:Infinity":0,"s:65:26:65:Infinity":1,"s:66:4:103:Infinity":2,"s:67:19:67:Infinity":3,"b:69:8:76:Infinity:77:8:84:Infinity:85:8:92:Infinity:93:8:98:Infinity:100:8:101:Infinity":0,"s:68:6:102:Infinity":4,"s:70:25:70:Infinity":5,"s:71:10:71:Infinity":6,"s:72:10:72:Infinity":7,"s:73:10:73:Infinity":8,"s:75:10:75:Infinity":9,"s:78:25:78:Infinity":10,"s:79:10:82:Infinity":11,"f:80:12:80:13":1,"s:81:14:81:Infinity":12,"s:83:10:83:Infinity":13,"s:86:25:86:Infinity":14,"s:87:10:90:Infinity":15,"f:88:12:88:13":2,"s:89:14:89:Infinity":16,"s:91:10:91:Infinity":17,"s:94:24:94:Infinity":18,"s:95:10:95:Infinity":19,"s:96:10:96:Infinity":20,"s:97:10:97:Infinity":21,"s:101:10:101:Infinity":22,"s:104:4:104:Infinity":23,"f:112:2:112:20":3,"s:113:4:125:Infinity":24,"f:113:11:113:12":4,"s:114:27:119:Infinity":25,"s:121:6:123:Infinity":26,"b:122:8:122:Infinity:123:8:123:Infinity":1,"f:122:45:122:46":5,"s:122:53:122:69":27,"f:123:44:123:45":6,"s:123:52:123:68":28,"f:128:2:128:9":7,"s:129:24:129:Infinity":29,"s:130:38:130:Infinity":30,"s:131:34:133:Infinity":31,"f:131:47:131:48":8,"s:132:6:132:Infinity":32,"b:134:4:142:Infinity:undefined:undefined:undefined:undefined":2,"s:134:4:142:Infinity":33,"s:135:21:135:Infinity":34,"s:136:20:140:Infinity":35,"b:137:10:139:Infinity:140:10:140:Infinity":3,"b:138:12:138:Infinity:139:12:139:Infinity":4,"s:141:6:141:Infinity":36,"s:144:4:144:Infinity":37,"f:153:9:153:42":9,"s:154:2:154:Infinity":38}}}
,"/home/adam/MFF/bakalarka/rdf-viewer/src/query/query.ts": {"path":"/home/adam/MFF/bakalarka/rdf-viewer/src/query/query.ts","statementMap":{"0":{"start":{"line":42,"column":26},"end":{"line":42,"column":null}},"1":{"start":{"line":44,"column":21},"end":{"line":44,"column":null}},"2":{"start":{"line":76,"column":2},"end":{"line":76,"column":null}},"3":{"start":{"line":101,"column":9},"end":{"line":101,"column":null}},"4":{"start":{"line":115,"column":4},"end":{"line":115,"column":null}},"5":{"start":{"line":116,"column":4},"end":{"line":116,"column":null}},"6":{"start":{"line":117,"column":4},"end":{"line":117,"column":null}},"7":{"start":{"line":118,"column":4},"end":{"line":118,"column":null}},"8":{"start":{"line":119,"column":4},"end":{"line":119,"column":null}},"9":{"start":{"line":122,"column":4},"end":{"line":122,"column":null}},"10":{"start":{"line":123,"column":4},"end":{"line":123,"column":null}},"11":{"start":{"line":126,"column":4},"end":{"line":126,"column":null}},"12":{"start":{"line":127,"column":4},"end":{"line":127,"column":null}},"13":{"start":{"line":130,"column":4},"end":{"line":130,"column":null}},"14":{"start":{"line":131,"column":4},"end":{"line":131,"column":null}},"15":{"start":{"line":134,"column":4},"end":{"line":139,"column":null}},"16":{"start":{"line":136,"column":7},"end":{"line":136,"column":null}},"17":{"start":{"line":138,"column":6},"end":{"line":138,"column":null}},"18":{"start":{"line":140,"column":4},"end":{"line":140,"column":null}},"19":{"start":{"line":143,"column":19},"end":{"line":143,"column":null}},"20":{"start":{"line":143,"column":149},"end":{"line":143,"column":176}},"21":{"start":{"line":145,"column":18},"end":{"line":145,"column":null}},"22":{"start":{"line":146,"column":19},"end":{"line":146,"column":null}},"23":{"start":{"line":147,"column":41},"end":{"line":147,"column":null}},"24":{"start":{"line":148,"column":4},"end":{"line":150,"column":null}},"25":{"start":{"line":149,"column":6},"end":{"line":149,"column":null}},"26":{"start":{"line":151,"column":4},"end":{"line":153,"column":null}},"27":{"start":{"line":152,"column":6},"end":{"line":152,"column":null}},"28":{"start":{"line":155,"column":6},"end":{"line":155,"column":null}},"29":{"start":{"line":157,"column":19},"end":{"line":157,"column":null}},"30":{"start":{"line":158,"column":4},"end":{"line":160,"column":null}},"31":{"start":{"line":159,"column":6},"end":{"line":159,"column":null}},"32":{"start":{"line":161,"column":4},"end":{"line":163,"column":null}},"33":{"start":{"line":162,"column":6},"end":{"line":162,"column":null}},"34":{"start":{"line":165,"column":4},"end":{"line":165,"column":null}}},"fnMap":{"0":{"name":"isAllSelector","decl":{"start":{"line":75,"column":9},"end":{"line":75,"column":23}},"loc":{"start":{"line":75,"column":56},"end":{"line":77,"column":null}},"line":75},"1":{"name":"(anonymous_1)","decl":{"start":{"line":108,"column":2},"end":{"line":108,"column":null}},"loc":{"start":{"line":114,"column":4},"end":{"line":120,"column":null}},"line":114},"2":{"name":"(anonymous_2)","decl":{"start":{"line":121,"column":2},"end":{"line":121,"column":11}},"loc":{"start":{"line":121,"column":38},"end":{"line":124,"column":null}},"line":121},"3":{"name":"(anonymous_3)","decl":{"start":{"line":125,"column":2},"end":{"line":125,"column":12}},"loc":{"start":{"line":125,"column":39},"end":{"line":128,"column":null}},"line":125},"4":{"name":"(anonymous_4)","decl":{"start":{"line":129,"column":2},"end":{"line":129,"column":11}},"loc":{"start":{"line":129,"column":37},"end":{"line":132,"column":null}},"line":129},"5":{"name":"(anonymous_5)","decl":{"start":{"line":133,"column":2},"end":{"line":133,"column":15}},"loc":{"start":{"line":133,"column":46},"end":{"line":141,"column":null}},"line":133},"6":{"name":"(anonymous_6)","decl":{"start":{"line":142,"column":2},"end":{"line":142,"column":21}},"loc":{"start":{"line":142,"column":21},"end":{"line":166,"column":null}},"line":142},"7":{"name":"(anonymous_7)","decl":{"start":{"line":143,"column":148},"end":{"line":143,"column":149}},"loc":{"start":{"line":143,"column":149},"end":{"line":143,"column":176}},"line":143}},"branchMap":{"0":{"loc":{"start":{"line":110,"column":4},"end":{"line":110,"column":null}},"type":"default-arg","locations":[{"start":{"line":110,"column":24},"end":{"line":110,"column":null}}],"line":110},"1":{"loc":{"start":{"line":115,"column":17},"end":{"line":115,"column":null}},"type":"cond-expr","locations":[{"start":{"line":115,"column":25},"end":{"line":115,"column":33}},{"start":{"line":115,"column":33},"end":{"line":115,"column":null}}],"line":115},"2":{"loc":{"start":{"line":134,"column":4},"end":{"line":139,"column":null}},"type":"if","locations":[{"start":{"line":134,"column":4},"end":{"line":139,"column":null}},{"start":{"line":137,"column":11},"end":{"line":139,"column":null}}],"line":134},"3":{"loc":{"start":{"line":143,"column":29},"end":{"line":143,"column":61}},"type":"cond-expr","locations":[{"start":{"line":143,"column":45},"end":{"line":143,"column":59}},{"start":{"line":143,"column":59},"end":{"line":143,"column":61}}],"line":143},"4":{"loc":{"start":{"line":143,"column":64},"end":{"line":143,"column":187}},"type":"cond-expr","locations":[{"start":{"line":143,"column":96},"end":{"line":143,"column":114}},{"start":{"line":143,"column":114},"end":{"line":143,"column":187}}],"line":143},"5":{"loc":{"start":{"line":145,"column":18},"end":{"line":145,"column":null}},"type":"cond-expr","locations":[{"start":{"line":145,"column":31},"end":{"line":145,"column":55}},{"start":{"line":145,"column":55},"end":{"line":145,"column":null}}],"line":145},"6":{"loc":{"start":{"line":146,"column":19},"end":{"line":146,"column":null}},"type":"cond-expr","locations":[{"start":{"line":146,"column":33},"end":{"line":146,"column":59}},{"start":{"line":146,"column":59},"end":{"line":146,"column":null}}],"line":146},"7":{"loc":{"start":{"line":148,"column":4},"end":{"line":150,"column":null}},"type":"if","locations":[{"start":{"line":148,"column":4},"end":{"line":150,"column":null}},{"start":{},"end":{}}],"line":148},"8":{"loc":{"start":{"line":151,"column":4},"end":{"line":153,"column":null}},"type":"if","locations":[{"start":{"line":151,"column":4},"end":{"line":153,"column":null}},{"start":{},"end":{}}],"line":151},"9":{"loc":{"start":{"line":155,"column":6},"end":{"line":155,"column":null}},"type":"cond-expr","locations":[{"start":{"line":155,"column":32},"end":{"line":155,"column":39}},{"start":{"line":155,"column":39},"end":{"line":155,"column":null}}],"line":155},"10":{"loc":{"start":{"line":158,"column":4},"end":{"line":160,"column":null}},"type":"if","locations":[{"start":{"line":158,"column":4},"end":{"line":160,"column":null}},{"start":{},"end":{}}],"line":158},"11":{"loc":{"start":{"line":161,"column":4},"end":{"line":163,"column":null}},"type":"if","locations":[{"start":{"line":161,"column":4},"end":{"line":163,"column":null}},{"start":{},"end":{}}],"line":161}},"s":{"0":7,"1":7,"2":13,"3":30,"4":30,"5":30,"6":30,"7":30,"8":30,"9":5,"10":5,"11":5,"12":5,"13":28,"14":28,"15":7,"16":7,"17":0,"18":7,"19":13,"20":43,"21":13,"22":13,"23":13,"24":13,"25":3,"26":13,"27":3,"28":13,"29":13,"30":13,"31":13,"32":13,"33":3,"34":13},"f":{"0":13,"1":30,"2":5,"3":5,"4":28,"5":7,"6":13,"7":43},"b":{"0":[30],"1":[2,28],"2":[7,0],"3":[13,0],"4":[0,13],"5":[3,10],"6":[3,10],"7":[3,10],"8":[3,10],"9":[10,3],"10":[13,0],"11":[3,10]},"meta":{"lastBranch":12,"lastFunction":8,"lastStatement":35,"seen":{"s:42:26:42:Infinity":0,"s:44:21:44:Infinity":1,"f:75:9:75:23":0,"s:76:2:76:Infinity":2,"s:101:9:101:Infinity":3,"f:108:2:108:Infinity":1,"b:110:24:110:Infinity":0,"s:115:4:115:Infinity":4,"b:115:25:115:33:115:33:115:Infinity":1,"s:116:4:116:Infinity":5,"s:117:4:117:Infinity":6,"s:118:4:118:Infinity":7,"s:119:4:119:Infinity":8,"f:121:2:121:11":2,"s:122:4:122:Infinity":9,"s:123:4:123:Infinity":10,"f:125:2:125:12":3,"s:126:4:126:Infinity":11,"s:127:4:127:Infinity":12,"f:129:2:129:11":4,"s:130:4:130:Infinity":13,"s:131:4:131:Infinity":14,"f:133:2:133:15":5,"b:134:4:139:Infinity:137:11:139:Infinity":2,"s:134:4:139:Infinity":15,"s:136:7:136:Infinity":16,"s:138:6:138:Infinity":17,"s:140:4:140:Infinity":18,"f:142:2:142:21":6,"s:143:19:143:Infinity":19,"b:143:45:143:59:143:59:143:61":3,"b:143:96:143:114:143:114:143:187":4,"f:143:148:143:149":7,"s:143:149:143:176":20,"s:145:18:145:Infinity":21,"b:145:31:145:55:145:55:145:Infinity":5,"s:146:19:146:Infinity":22,"b:146:33:146:59:146:59:146:Infinity":6,"s:147:41:147:Infinity":23,"b:148:4:150:Infinity:undefined:undefined:undefined:undefined":7,"s:148:4:150:Infinity":24,"s:149:6:149:Infinity":25,"b:151:4:153:Infinity:undefined:undefined:undefined:undefined":8,"s:151:4:153:Infinity":26,"s:152:6:152:Infinity":27,"s:155:6:155:Infinity":28,"b:155:32:155:39:155:39:155:Infinity":9,"s:157:19:157:Infinity":29,"b:158:4:160:Infinity:undefined:undefined:undefined:undefined":10,"s:158:4:160:Infinity":30,"s:159:6:159:Infinity":31,"b:161:4:163:Infinity:undefined:undefined:undefined:undefined":11,"s:161:4:163:Infinity":32,"s:162:6:162:Infinity":33,"s:165:4:165:Infinity":34}}}
,"/home/adam/MFF/bakalarka/rdf-viewer/src/view/notifier.ts": {"path":"/home/adam/MFF/bakalarka/rdf-viewer/src/view/notifier.ts","statementMap":{"0":{"start":{"line":33,"column":46},"end":{"line":33,"column":null}},"1":{"start":{"line":36,"column":4},"end":{"line":36,"column":null}},"2":{"start":{"line":40,"column":4},"end":{"line":41,"column":null}},"3":{"start":{"line":41,"column":6},"end":{"line":41,"column":null}},"4":{"start":{"line":43,"column":16},"end":{"line":43,"column":null}},"5":{"start":{"line":44,"column":4},"end":{"line":44,"column":null}},"6":{"start":{"line":45,"column":4},"end":{"line":45,"column":null}},"7":{"start":{"line":47,"column":4},"end":{"line":47,"column":null}},"8":{"start":{"line":49,"column":4},"end":{"line":51,"column":null}},"9":{"start":{"line":50,"column":6},"end":{"line":50,"column":null}},"10":{"start":{"line":62,"column":4},"end":{"line":63,"column":null}},"11":{"start":{"line":63,"column":6},"end":{"line":63,"column":null}},"12":{"start":{"line":65,"column":16},"end":{"line":65,"column":null}},"13":{"start":{"line":66,"column":4},"end":{"line":66,"column":null}},"14":{"start":{"line":67,"column":4},"end":{"line":67,"column":null}},"15":{"start":{"line":68,"column":4},"end":{"line":68,"column":null}},"16":{"start":{"line":70,"column":4},"end":{"line":81,"column":null}},"17":{"start":{"line":71,"column":18},"end":{"line":71,"column":null}},"18":{"start":{"line":72,"column":6},"end":{"line":72,"column":null}},"19":{"start":{"line":73,"column":6},"end":{"line":73,"column":null}},"20":{"start":{"line":74,"column":6},"end":{"line":74,"column":null}},"21":{"start":{"line":74,"column":23},"end":{"line":74,"column":37}},"22":{"start":{"line":75,"column":6},"end":{"line":75,"column":null}},"23":{"start":{"line":77,"column":6},"end":{"line":77,"column":null}},"24":{"start":{"line":78,"column":6},"end":{"line":78,"column":null}},"25":{"start":{"line":79,"column":6},"end":{"line":79,"column":null}},"26":{"start":{"line":79,"column":23},"end":{"line":79,"column":37}},"27":{"start":{"line":80,"column":6},"end":{"line":80,"column":null}},"28":{"start":{"line":84,"column":4},"end":{"line":93,"column":null}},"29":{"start":{"line":86,"column":8},"end":{"line":86,"column":null}},"30":{"start":{"line":88,"column":8},"end":{"line":88,"column":null}},"31":{"start":{"line":90,"column":8},"end":{"line":90,"column":null}},"32":{"start":{"line":92,"column":8},"end":{"line":92,"column":null}},"33":{"start":{"line":97,"column":17},"end":{"line":97,"column":null}}},"fnMap":{"0":{"name":"(anonymous_0)","decl":{"start":{"line":35,"column":2},"end":{"line":35,"column":27}},"loc":{"start":{"line":35,"column":51},"end":{"line":37,"column":null}},"line":35},"1":{"name":"(anonymous_1)","decl":{"start":{"line":39,"column":2},"end":{"line":39,"column":9}},"loc":{"start":{"line":39,"column":50},"end":{"line":52,"column":null}},"line":39},"2":{"name":"(anonymous_2)","decl":{"start":{"line":49,"column":15},"end":{"line":49,"column":21}},"loc":{"start":{"line":49,"column":21},"end":{"line":51,"column":7}},"line":49},"3":{"name":"(anonymous_3)","decl":{"start":{"line":54,"column":8},"end":{"line":54,"column":null}},"loc":{"start":{"line":61,"column":16},"end":{"line":82,"column":null}},"line":61},"4":{"name":"(anonymous_4)","decl":{"start":{"line":74,"column":17},"end":{"line":74,"column":23}},"loc":{"start":{"line":74,"column":23},"end":{"line":74,"column":37}},"line":74},"5":{"name":"(anonymous_5)","decl":{"start":{"line":79,"column":17},"end":{"line":79,"column":23}},"loc":{"start":{"line":79,"column":23},"end":{"line":79,"column":37}},"line":79},"6":{"name":"(anonymous_6)","decl":{"start":{"line":83,"column":10},"end":{"line":83,"column":19}},"loc":{"start":{"line":83,"column":51},"end":{"line":94,"column":null}},"line":83}},"branchMap":{"0":{"loc":{"start":{"line":40,"column":4},"end":{"line":41,"column":null}},"type":"if","locations":[{"start":{"line":40,"column":4},"end":{"line":41,"column":null}},{"start":{},"end":{}}],"line":40},"1":{"loc":{"start":{"line":62,"column":4},"end":{"line":63,"column":null}},"type":"if","locations":[{"start":{"line":62,"column":4},"end":{"line":63,"column":null}},{"start":{},"end":{}}],"line":62},"2":{"loc":{"start":{"line":84,"column":4},"end":{"line":93,"column":null}},"type":"switch","locations":[{"start":{"line":85,"column":6},"end":{"line":86,"column":null}},{"start":{"line":87,"column":6},"end":{"line":88,"column":null}},{"start":{"line":89,"column":6},"end":{"line":90,"column":null}},{"start":{"line":91,"column":6},"end":{"line":92,"column":null}}],"line":84}},"s":{"0":2,"1":0,"2":0,"3":0,"4":0,"5":0,"6":0,"7":0,"8":0,"9":0,"10":0,"11":0,"12":0,"13":0,"14":0,"15":0,"16":0,"17":0,"18":0,"19":0,"20":0,"21":0,"22":0,"23":0,"24":0,"25":0,"26":0,"27":0,"28":0,"29":0,"30":0,"31":0,"32":0,"33":2},"f":{"0":0,"1":0,"2":0,"3":0,"4":0,"5":0,"6":0},"b":{"0":[0,0],"1":[0,0],"2":[0,0,0,0]},"meta":{"lastBranch":3,"lastFunction":7,"lastStatement":34,"seen":{"s:33:46:33:Infinity":0,"f:35:2:35:27":0,"s:36:4:36:Infinity":1,"f:39:2:39:9":1,"b:40:4:41:Infinity:undefined:undefined:undefined:undefined":0,"s:40:4:41:Infinity":2,"s:41:6:41:Infinity":3,"s:43:16:43:Infinity":4,"s:44:4:44:Infinity":5,"s:45:4:45:Infinity":6,"s:47:4:47:Infinity":7,"s:49:4:51:Infinity":8,"f:49:15:49:21":2,"s:50:6:50:Infinity":9,"f:54:8:54:Infinity":3,"b:62:4:63:Infinity:undefined:undefined:undefined:undefined":1,"s:62:4:63:Infinity":10,"s:63:6:63:Infinity":11,"s:65:16:65:Infinity":12,"s:66:4:66:Infinity":13,"s:67:4:67:Infinity":14,"s:68:4:68:Infinity":15,"s:70:4:81:Infinity":16,"s:71:18:71:Infinity":17,"s:72:6:72:Infinity":18,"s:73:6:73:Infinity":19,"s:74:6:74:Infinity":20,"f:74:17:74:23":4,"s:74:23:74:37":21,"s:75:6:75:Infinity":22,"s:77:6:77:Infinity":23,"s:78:6:78:Infinity":24,"s:79:6:79:Infinity":25,"f:79:17:79:23":5,"s:79:23:79:37":26,"s:80:6:80:Infinity":27,"f:83:10:83:19":6,"b:85:6:86:Infinity:87:6:88:Infinity:89:6:90:Infinity:91:6:92:Infinity":2,"s:84:4:93:Infinity":28,"s:86:8:86:Infinity":29,"s:88:8:88:Infinity":30,"s:90:8:90:Infinity":31,"s:92:8:92:Infinity":32,"s:97:17:97:Infinity":33}}}
,"/home/adam/MFF/bakalarka/rdf-viewer/src/view/spinner.ts": {"path":"/home/adam/MFF/bakalarka/rdf-viewer/src/view/spinner.ts","statementMap":{"0":{"start":{"line":2,"column":13},"end":{"line":2,"column":null}},"1":{"start":{"line":3,"column":2},"end":{"line":3,"column":null}},"2":{"start":{"line":4,"column":2},"end":{"line":4,"column":null}},"3":{"start":{"line":5,"column":2},"end":{"line":5,"column":null}},"4":{"start":{"line":9,"column":18},"end":{"line":9,"column":null}},"5":{"start":{"line":10,"column":2},"end":{"line":10,"column":null}},"6":{"start":{"line":12,"column":2},"end":{"line":16,"column":null}},"7":{"start":{"line":13,"column":4},"end":{"line":13,"column":null}},"8":{"start":{"line":15,"column":4},"end":{"line":15,"column":null}}},"fnMap":{"0":{"name":"createSpinner","decl":{"start":{"line":1,"column":9},"end":{"line":1,"column":23}},"loc":{"start":{"line":1,"column":47},"end":{"line":6,"column":null}},"line":1},"1":{"name":"withLoading","decl":{"start":{"line":8,"column":15},"end":{"line":8,"column":27}},"loc":{"start":{"line":8,"column":78},"end":{"line":17,"column":null}},"line":8}},"branchMap":{"0":{"loc":{"start":{"line":1,"column":23},"end":{"line":1,"column":47}},"type":"default-arg","locations":[{"start":{"line":1,"column":30},"end":{"line":1,"column":47}}],"line":1}},"s":{"0":0,"1":0,"2":0,"3":0,"4":0,"5":0,"6":0,"7":0,"8":0},"f":{"0":0,"1":0},"b":{"0":[0]},"meta":{"lastBranch":1,"lastFunction":2,"lastStatement":9,"seen":{"f:1:9:1:23":0,"b:1:30:1:47":0,"s:2:13:2:Infinity":0,"s:3:2:3:Infinity":1,"s:4:2:4:Infinity":2,"s:5:2:5:Infinity":3,"f:8:15:8:27":1,"s:9:18:9:Infinity":4,"s:10:2:10:Infinity":5,"s:12:2:16:Infinity":6,"s:13:4:13:Infinity":7,"s:15:4:15:Infinity":8}}}
}
